The system is: Darwin - 15.6.0 - x86_64
Compiling the C compiler identification source file "CMakeCCompilerId.c" succeeded.
Compiler: /opt/local/bin/gcc 
Build flags: 
Id flags:  

The output was:
0


Compilation of the C compiler identification source "CMakeCCompilerId.c" produced "a.out"

The C compiler identification is GNU, found in "/Users/broeckho/usr/projects/c++/stride/cmake-build-release/CMakeFiles/3.9.4/CompilerIdC/a.out"

Compiling the CXX compiler identification source file "CMakeCXXCompilerId.cpp" succeeded.
Compiler: /opt/local/bin/g++ 
Build flags: 
Id flags:  

The output was:
0


Compilation of the CXX compiler identification source "CMakeCXXCompilerId.cpp" produced "a.out"

The CXX compiler identification is GNU, found in "/Users/broeckho/usr/projects/c++/stride/cmake-build-release/CMakeFiles/3.9.4/CompilerIdCXX/a.out"

Determining if the C compiler works passed with the following output:
Change Dir: /Users/broeckho/usr/projects/c++/stride/cmake-build-release/CMakeFiles/CMakeTmp

Run Build Command:"/opt/local/bin/gmake" "cmTC_7b47c/fast"
/opt/local/bin/gmake -f CMakeFiles/cmTC_7b47c.dir/build.make CMakeFiles/cmTC_7b47c.dir/build
gmake[1]: Entering directory '/Users/broeckho/usr/projects/c++/stride/cmake-build-release/CMakeFiles/CMakeTmp'
Building C object CMakeFiles/cmTC_7b47c.dir/testCCompiler.c.o
/opt/local/bin/gcc    -o CMakeFiles/cmTC_7b47c.dir/testCCompiler.c.o   -c /Users/broeckho/usr/projects/c++/stride/cmake-build-release/CMakeFiles/CMakeTmp/testCCompiler.c
Linking C executable cmTC_7b47c
/Applications/CLion.app/Contents/bin/cmake/bin/cmake -E cmake_link_script CMakeFiles/cmTC_7b47c.dir/link.txt --verbose=1
/opt/local/bin/gcc   -Wl,-search_paths_first -Wl,-headerpad_max_install_names   CMakeFiles/cmTC_7b47c.dir/testCCompiler.c.o  -o cmTC_7b47c 
gmake[1]: Leaving directory '/Users/broeckho/usr/projects/c++/stride/cmake-build-release/CMakeFiles/CMakeTmp'


Detecting C compiler ABI info compiled with the following output:
Change Dir: /Users/broeckho/usr/projects/c++/stride/cmake-build-release/CMakeFiles/CMakeTmp

Run Build Command:"/opt/local/bin/gmake" "cmTC_76e1d/fast"
/opt/local/bin/gmake -f CMakeFiles/cmTC_76e1d.dir/build.make CMakeFiles/cmTC_76e1d.dir/build
gmake[1]: Entering directory '/Users/broeckho/usr/projects/c++/stride/cmake-build-release/CMakeFiles/CMakeTmp'
Building C object CMakeFiles/cmTC_76e1d.dir/CMakeCCompilerABI.c.o
/opt/local/bin/gcc    -o CMakeFiles/cmTC_76e1d.dir/CMakeCCompilerABI.c.o   -c /Applications/CLion.app/Contents/bin/cmake/share/cmake-3.9/Modules/CMakeCCompilerABI.c
Linking C executable cmTC_76e1d
/Applications/CLion.app/Contents/bin/cmake/bin/cmake -E cmake_link_script CMakeFiles/cmTC_76e1d.dir/link.txt --verbose=1
/opt/local/bin/gcc   -Wl,-search_paths_first -Wl,-headerpad_max_install_names  -v -Wl,-v CMakeFiles/cmTC_76e1d.dir/CMakeCCompilerABI.c.o  -o cmTC_76e1d 
Using built-in specs.
COLLECT_GCC=/opt/local/bin/gcc
COLLECT_LTO_WRAPPER=/opt/local/libexec/gcc/x86_64-apple-darwin15/6.4.0/lto-wrapper
Target: x86_64-apple-darwin15
Configured with: /opt/local/var/macports/build/_opt_bblocal_var_buildworker_ports_build_ports_lang_gcc6/gcc6/work/gcc-6.4.0/configure --prefix=/opt/local --build=x86_64-apple-darwin15 --enable-languages=c,c++,objc,obj-c++,lto,fortran --libdir=/opt/local/lib/gcc6 --includedir=/opt/local/include/gcc6 --infodir=/opt/local/share/info --mandir=/opt/local/share/man --datarootdir=/opt/local/share/gcc-6 --with-local-prefix=/opt/local --with-system-zlib --disable-nls --program-suffix=-mp-6 --with-gxx-include-dir=/opt/local/include/gcc6/c++/ --with-gmp=/opt/local --with-mpfr=/opt/local --with-mpc=/opt/local --with-isl=/opt/local --enable-stage1-checking --disable-multilib --enable-lto --enable-libstdcxx-time --with-build-config=bootstrap-debug --with-as=/opt/local/bin/as --with-ld=/opt/local/bin/ld --with-ar=/opt/local/bin/ar --with-bugurl=https://trac.macports.org/newticket --disable-tls --with-pkgversion='MacPorts gcc6 6.4.0_0'
Thread model: posix
gcc version 6.4.0 (MacPorts gcc6 6.4.0_0) 
COMPILER_PATH=/opt/local/libexec/gcc/x86_64-apple-darwin15/6.4.0/:/opt/local/libexec/gcc/x86_64-apple-darwin15/6.4.0/:/opt/local/libexec/gcc/x86_64-apple-darwin15/:/opt/local/lib/gcc6/gcc/x86_64-apple-darwin15/6.4.0/:/opt/local/lib/gcc6/gcc/x86_64-apple-darwin15/
LIBRARY_PATH=/opt/local/lib/gcc6/gcc/x86_64-apple-darwin15/6.4.0/:/opt/local/lib/gcc6/gcc/x86_64-apple-darwin15/6.4.0/../../../
COLLECT_GCC_OPTIONS='-v' '-o' 'cmTC_76e1d' '-mmacosx-version-min=10.11.6' '-asm_macosx_version_min=10.11' '-mtune=core2'
 /opt/local/libexec/gcc/x86_64-apple-darwin15/6.4.0/collect2 -dynamic -arch x86_64 -macosx_version_min 10.11.6 -weak_reference_mismatches non-weak -o cmTC_76e1d -L/opt/local/lib/gcc6/gcc/x86_64-apple-darwin15/6.4.0 -L/opt/local/lib/gcc6/gcc/x86_64-apple-darwin15/6.4.0/../../.. -search_paths_first -headerpad_max_install_names -v CMakeFiles/cmTC_76e1d.dir/CMakeCCompilerABI.c.o -no_compact_unwind -lSystem -lgcc_ext.10.5 -lgcc -lSystem -v
collect2 version 6.4.0
/opt/local/bin/ld -dynamic -arch x86_64 -macosx_version_min 10.11.6 -weak_reference_mismatches non-weak -o cmTC_76e1d -L/opt/local/lib/gcc6/gcc/x86_64-apple-darwin15/6.4.0 -L/opt/local/lib/gcc6/gcc/x86_64-apple-darwin15/6.4.0/../../.. -search_paths_first -headerpad_max_install_names -v CMakeFiles/cmTC_76e1d.dir/CMakeCCompilerABI.c.o -no_compact_unwind -lSystem -lgcc_ext.10.5 -lgcc -lSystem -v
@(#)PROGRAM:ld  PROJECT:ld64-274.2
configured to support archs: i386 x86_64 x86_64h armv6 armv7 armv7s armv7m armv7k arm64 (tvOS)
@(#)PROGRAM:ld  PROJECT:ld64-274.2
configured to support archs: i386 x86_64 x86_64h armv6 armv7 armv7s armv7m armv7k arm64 (tvOS)
Library search paths:
	/opt/local/lib/gcc6/gcc/x86_64-apple-darwin15/6.4.0
	/opt/local/lib/gcc6
	/usr/lib
	/usr/local/lib
Framework search paths:
	/Library/Frameworks/
	/System/Library/Frameworks/
 /opt/local/bin/nm -n CMakeFiles/cmTC_76e1d.dir/CMakeCCompilerABI.c.o
gmake[1]: Leaving directory '/Users/broeckho/usr/projects/c++/stride/cmake-build-release/CMakeFiles/CMakeTmp'


Parsed C implicit link information from above output:
  link line regex: [^( *|.*[/\])(ld|CMAKE_LINK_STARTFILE-NOTFOUND|([^/\]+-)?ld|collect2)[^/\]*( |$)]
  ignore line: [Change Dir: /Users/broeckho/usr/projects/c++/stride/cmake-build-release/CMakeFiles/CMakeTmp]
  ignore line: []
  ignore line: [Run Build Command:"/opt/local/bin/gmake" "cmTC_76e1d/fast"]
  ignore line: [/opt/local/bin/gmake -f CMakeFiles/cmTC_76e1d.dir/build.make CMakeFiles/cmTC_76e1d.dir/build]
  ignore line: [gmake[1]: Entering directory '/Users/broeckho/usr/projects/c++/stride/cmake-build-release/CMakeFiles/CMakeTmp']
  ignore line: [Building C object CMakeFiles/cmTC_76e1d.dir/CMakeCCompilerABI.c.o]
  ignore line: [/opt/local/bin/gcc    -o CMakeFiles/cmTC_76e1d.dir/CMakeCCompilerABI.c.o   -c /Applications/CLion.app/Contents/bin/cmake/share/cmake-3.9/Modules/CMakeCCompilerABI.c]
  ignore line: [Linking C executable cmTC_76e1d]
  ignore line: [/Applications/CLion.app/Contents/bin/cmake/bin/cmake -E cmake_link_script CMakeFiles/cmTC_76e1d.dir/link.txt --verbose=1]
  ignore line: [/opt/local/bin/gcc   -Wl,-search_paths_first -Wl,-headerpad_max_install_names  -v -Wl,-v CMakeFiles/cmTC_76e1d.dir/CMakeCCompilerABI.c.o  -o cmTC_76e1d ]
  ignore line: [Using built-in specs.]
  ignore line: [COLLECT_GCC=/opt/local/bin/gcc]
  ignore line: [COLLECT_LTO_WRAPPER=/opt/local/libexec/gcc/x86_64-apple-darwin15/6.4.0/lto-wrapper]
  ignore line: [Target: x86_64-apple-darwin15]
  ignore line: [Configured with: /opt/local/var/macports/build/_opt_bblocal_var_buildworker_ports_build_ports_lang_gcc6/gcc6/work/gcc-6.4.0/configure --prefix=/opt/local --build=x86_64-apple-darwin15 --enable-languages=c,c++,objc,obj-c++,lto,fortran --libdir=/opt/local/lib/gcc6 --includedir=/opt/local/include/gcc6 --infodir=/opt/local/share/info --mandir=/opt/local/share/man --datarootdir=/opt/local/share/gcc-6 --with-local-prefix=/opt/local --with-system-zlib --disable-nls --program-suffix=-mp-6 --with-gxx-include-dir=/opt/local/include/gcc6/c++/ --with-gmp=/opt/local --with-mpfr=/opt/local --with-mpc=/opt/local --with-isl=/opt/local --enable-stage1-checking --disable-multilib --enable-lto --enable-libstdcxx-time --with-build-config=bootstrap-debug --with-as=/opt/local/bin/as --with-ld=/opt/local/bin/ld --with-ar=/opt/local/bin/ar --with-bugurl=https://trac.macports.org/newticket --disable-tls --with-pkgversion='MacPorts gcc6 6.4.0_0']
  ignore line: [Thread model: posix]
  ignore line: [gcc version 6.4.0 (MacPorts gcc6 6.4.0_0) ]
  ignore line: [COMPILER_PATH=/opt/local/libexec/gcc/x86_64-apple-darwin15/6.4.0/:/opt/local/libexec/gcc/x86_64-apple-darwin15/6.4.0/:/opt/local/libexec/gcc/x86_64-apple-darwin15/:/opt/local/lib/gcc6/gcc/x86_64-apple-darwin15/6.4.0/:/opt/local/lib/gcc6/gcc/x86_64-apple-darwin15/]
  ignore line: [LIBRARY_PATH=/opt/local/lib/gcc6/gcc/x86_64-apple-darwin15/6.4.0/:/opt/local/lib/gcc6/gcc/x86_64-apple-darwin15/6.4.0/../../../]
  ignore line: [COLLECT_GCC_OPTIONS='-v' '-o' 'cmTC_76e1d' '-mmacosx-version-min=10.11.6' '-asm_macosx_version_min=10.11' '-mtune=core2']
  link line: [ /opt/local/libexec/gcc/x86_64-apple-darwin15/6.4.0/collect2 -dynamic -arch x86_64 -macosx_version_min 10.11.6 -weak_reference_mismatches non-weak -o cmTC_76e1d -L/opt/local/lib/gcc6/gcc/x86_64-apple-darwin15/6.4.0 -L/opt/local/lib/gcc6/gcc/x86_64-apple-darwin15/6.4.0/../../.. -search_paths_first -headerpad_max_install_names -v CMakeFiles/cmTC_76e1d.dir/CMakeCCompilerABI.c.o -no_compact_unwind -lSystem -lgcc_ext.10.5 -lgcc -lSystem -v]
    arg [/opt/local/libexec/gcc/x86_64-apple-darwin15/6.4.0/collect2] ==> ignore
    arg [-dynamic] ==> ignore
    arg [-arch] ==> ignore
    arg [x86_64] ==> ignore
    arg [-macosx_version_min] ==> ignore
    arg [10.11.6] ==> ignore
    arg [-weak_reference_mismatches] ==> ignore
    arg [non-weak] ==> ignore
    arg [-o] ==> ignore
    arg [cmTC_76e1d] ==> ignore
    arg [-L/opt/local/lib/gcc6/gcc/x86_64-apple-darwin15/6.4.0] ==> dir [/opt/local/lib/gcc6/gcc/x86_64-apple-darwin15/6.4.0]
    arg [-L/opt/local/lib/gcc6/gcc/x86_64-apple-darwin15/6.4.0/../../..] ==> dir [/opt/local/lib/gcc6/gcc/x86_64-apple-darwin15/6.4.0/../../..]
    arg [-search_paths_first] ==> ignore
    arg [-headerpad_max_install_names] ==> ignore
    arg [-v] ==> ignore
    arg [CMakeFiles/cmTC_76e1d.dir/CMakeCCompilerABI.c.o] ==> ignore
    arg [-no_compact_unwind] ==> ignore
    arg [-lSystem] ==> lib [System]
    arg [-lgcc_ext.10.5] ==> lib [gcc_ext.10.5]
    arg [-lgcc] ==> lib [gcc]
    arg [-lSystem] ==> lib [System]
    arg [-v] ==> ignore
  Library search paths: [;/opt/local/lib/gcc6/gcc/x86_64-apple-darwin15/6.4.0;/opt/local/lib/gcc6;/usr/lib;/usr/local/lib]
  Framework search paths: [;/Library/Frameworks/;/System/Library/Frameworks/]
  remove lib [System]
  remove lib [System]
  collapse library dir [/opt/local/lib/gcc6/gcc/x86_64-apple-darwin15/6.4.0] ==> [/opt/local/lib/gcc6/gcc/x86_64-apple-darwin15/6.4.0]
  collapse library dir [/opt/local/lib/gcc6/gcc/x86_64-apple-darwin15/6.4.0/../../..] ==> [/opt/local/lib/gcc6]
  collapse library dir [/opt/local/lib/gcc6/gcc/x86_64-apple-darwin15/6.4.0] ==> [/opt/local/lib/gcc6/gcc/x86_64-apple-darwin15/6.4.0]
  collapse library dir [/opt/local/lib/gcc6] ==> [/opt/local/lib/gcc6]
  collapse library dir [/usr/lib] ==> [/usr/lib]
  collapse library dir [/usr/local/lib] ==> [/usr/local/lib]
  collapse framework dir [/Library/Frameworks/] ==> [/Library/Frameworks]
  collapse framework dir [/System/Library/Frameworks/] ==> [/System/Library/Frameworks]
  implicit libs: [gcc_ext.10.5;gcc]
  implicit dirs: [/opt/local/lib/gcc6/gcc/x86_64-apple-darwin15/6.4.0;/opt/local/lib/gcc6;/usr/lib;/usr/local/lib]
  implicit fwks: [/Library/Frameworks;/System/Library/Frameworks]




Detecting C [-std=c11] compiler features compiled with the following output:
Change Dir: /Users/broeckho/usr/projects/c++/stride/cmake-build-release/CMakeFiles/CMakeTmp

Run Build Command:"/opt/local/bin/gmake" "cmTC_30a1e/fast"
/opt/local/bin/gmake -f CMakeFiles/cmTC_30a1e.dir/build.make CMakeFiles/cmTC_30a1e.dir/build
gmake[1]: Entering directory '/Users/broeckho/usr/projects/c++/stride/cmake-build-release/CMakeFiles/CMakeTmp'
Building C object CMakeFiles/cmTC_30a1e.dir/feature_tests.c.o
/opt/local/bin/gcc   -std=c11 -o CMakeFiles/cmTC_30a1e.dir/feature_tests.c.o   -c /Users/broeckho/usr/projects/c++/stride/cmake-build-release/CMakeFiles/feature_tests.c
Linking C executable cmTC_30a1e
/Applications/CLion.app/Contents/bin/cmake/bin/cmake -E cmake_link_script CMakeFiles/cmTC_30a1e.dir/link.txt --verbose=1
/opt/local/bin/gcc   -Wl,-search_paths_first -Wl,-headerpad_max_install_names   CMakeFiles/cmTC_30a1e.dir/feature_tests.c.o  -o cmTC_30a1e 
gmake[1]: Leaving directory '/Users/broeckho/usr/projects/c++/stride/cmake-build-release/CMakeFiles/CMakeTmp'


    Feature record: C_FEATURE:1c_function_prototypes
    Feature record: C_FEATURE:1c_restrict
    Feature record: C_FEATURE:1c_static_assert
    Feature record: C_FEATURE:1c_variadic_macros


Detecting C [-std=c99] compiler features compiled with the following output:
Change Dir: /Users/broeckho/usr/projects/c++/stride/cmake-build-release/CMakeFiles/CMakeTmp

Run Build Command:"/opt/local/bin/gmake" "cmTC_8b53c/fast"
/opt/local/bin/gmake -f CMakeFiles/cmTC_8b53c.dir/build.make CMakeFiles/cmTC_8b53c.dir/build
gmake[1]: Entering directory '/Users/broeckho/usr/projects/c++/stride/cmake-build-release/CMakeFiles/CMakeTmp'
Building C object CMakeFiles/cmTC_8b53c.dir/feature_tests.c.o
/opt/local/bin/gcc   -std=c99 -o CMakeFiles/cmTC_8b53c.dir/feature_tests.c.o   -c /Users/broeckho/usr/projects/c++/stride/cmake-build-release/CMakeFiles/feature_tests.c
Linking C executable cmTC_8b53c
/Applications/CLion.app/Contents/bin/cmake/bin/cmake -E cmake_link_script CMakeFiles/cmTC_8b53c.dir/link.txt --verbose=1
/opt/local/bin/gcc   -Wl,-search_paths_first -Wl,-headerpad_max_install_names   CMakeFiles/cmTC_8b53c.dir/feature_tests.c.o  -o cmTC_8b53c 
gmake[1]: Leaving directory '/Users/broeckho/usr/projects/c++/stride/cmake-build-release/CMakeFiles/CMakeTmp'


    Feature record: C_FEATURE:1c_function_prototypes
    Feature record: C_FEATURE:1c_restrict
    Feature record: C_FEATURE:0c_static_assert
    Feature record: C_FEATURE:1c_variadic_macros


Detecting C [-std=c90] compiler features compiled with the following output:
Change Dir: /Users/broeckho/usr/projects/c++/stride/cmake-build-release/CMakeFiles/CMakeTmp

Run Build Command:"/opt/local/bin/gmake" "cmTC_38b52/fast"
/opt/local/bin/gmake -f CMakeFiles/cmTC_38b52.dir/build.make CMakeFiles/cmTC_38b52.dir/build
gmake[1]: Entering directory '/Users/broeckho/usr/projects/c++/stride/cmake-build-release/CMakeFiles/CMakeTmp'
Building C object CMakeFiles/cmTC_38b52.dir/feature_tests.c.o
/opt/local/bin/gcc   -std=c90 -o CMakeFiles/cmTC_38b52.dir/feature_tests.c.o   -c /Users/broeckho/usr/projects/c++/stride/cmake-build-release/CMakeFiles/feature_tests.c
Linking C executable cmTC_38b52
/Applications/CLion.app/Contents/bin/cmake/bin/cmake -E cmake_link_script CMakeFiles/cmTC_38b52.dir/link.txt --verbose=1
/opt/local/bin/gcc   -Wl,-search_paths_first -Wl,-headerpad_max_install_names   CMakeFiles/cmTC_38b52.dir/feature_tests.c.o  -o cmTC_38b52 
gmake[1]: Leaving directory '/Users/broeckho/usr/projects/c++/stride/cmake-build-release/CMakeFiles/CMakeTmp'


    Feature record: C_FEATURE:1c_function_prototypes
    Feature record: C_FEATURE:0c_restrict
    Feature record: C_FEATURE:0c_static_assert
    Feature record: C_FEATURE:0c_variadic_macros
Determining if the CXX compiler works passed with the following output:
Change Dir: /Users/broeckho/usr/projects/c++/stride/cmake-build-release/CMakeFiles/CMakeTmp

Run Build Command:"/opt/local/bin/gmake" "cmTC_9983d/fast"
/opt/local/bin/gmake -f CMakeFiles/cmTC_9983d.dir/build.make CMakeFiles/cmTC_9983d.dir/build
gmake[1]: Entering directory '/Users/broeckho/usr/projects/c++/stride/cmake-build-release/CMakeFiles/CMakeTmp'
Building CXX object CMakeFiles/cmTC_9983d.dir/testCXXCompiler.cxx.o
/opt/local/bin/g++     -o CMakeFiles/cmTC_9983d.dir/testCXXCompiler.cxx.o -c /Users/broeckho/usr/projects/c++/stride/cmake-build-release/CMakeFiles/CMakeTmp/testCXXCompiler.cxx
Linking CXX executable cmTC_9983d
/Applications/CLion.app/Contents/bin/cmake/bin/cmake -E cmake_link_script CMakeFiles/cmTC_9983d.dir/link.txt --verbose=1
/opt/local/bin/g++    -Wl,-search_paths_first -Wl,-headerpad_max_install_names   CMakeFiles/cmTC_9983d.dir/testCXXCompiler.cxx.o  -o cmTC_9983d 
gmake[1]: Leaving directory '/Users/broeckho/usr/projects/c++/stride/cmake-build-release/CMakeFiles/CMakeTmp'


Detecting CXX compiler ABI info compiled with the following output:
Change Dir: /Users/broeckho/usr/projects/c++/stride/cmake-build-release/CMakeFiles/CMakeTmp

Run Build Command:"/opt/local/bin/gmake" "cmTC_c07cd/fast"
/opt/local/bin/gmake -f CMakeFiles/cmTC_c07cd.dir/build.make CMakeFiles/cmTC_c07cd.dir/build
gmake[1]: Entering directory '/Users/broeckho/usr/projects/c++/stride/cmake-build-release/CMakeFiles/CMakeTmp'
Building CXX object CMakeFiles/cmTC_c07cd.dir/CMakeCXXCompilerABI.cpp.o
/opt/local/bin/g++     -o CMakeFiles/cmTC_c07cd.dir/CMakeCXXCompilerABI.cpp.o -c /Applications/CLion.app/Contents/bin/cmake/share/cmake-3.9/Modules/CMakeCXXCompilerABI.cpp
Linking CXX executable cmTC_c07cd
/Applications/CLion.app/Contents/bin/cmake/bin/cmake -E cmake_link_script CMakeFiles/cmTC_c07cd.dir/link.txt --verbose=1
/opt/local/bin/g++    -Wl,-search_paths_first -Wl,-headerpad_max_install_names  -v -Wl,-v CMakeFiles/cmTC_c07cd.dir/CMakeCXXCompilerABI.cpp.o  -o cmTC_c07cd 
Using built-in specs.
COLLECT_GCC=/opt/local/bin/g++
COLLECT_LTO_WRAPPER=/opt/local/libexec/gcc/x86_64-apple-darwin15/6.4.0/lto-wrapper
Target: x86_64-apple-darwin15
Configured with: /opt/local/var/macports/build/_opt_bblocal_var_buildworker_ports_build_ports_lang_gcc6/gcc6/work/gcc-6.4.0/configure --prefix=/opt/local --build=x86_64-apple-darwin15 --enable-languages=c,c++,objc,obj-c++,lto,fortran --libdir=/opt/local/lib/gcc6 --includedir=/opt/local/include/gcc6 --infodir=/opt/local/share/info --mandir=/opt/local/share/man --datarootdir=/opt/local/share/gcc-6 --with-local-prefix=/opt/local --with-system-zlib --disable-nls --program-suffix=-mp-6 --with-gxx-include-dir=/opt/local/include/gcc6/c++/ --with-gmp=/opt/local --with-mpfr=/opt/local --with-mpc=/opt/local --with-isl=/opt/local --enable-stage1-checking --disable-multilib --enable-lto --enable-libstdcxx-time --with-build-config=bootstrap-debug --with-as=/opt/local/bin/as --with-ld=/opt/local/bin/ld --with-ar=/opt/local/bin/ar --with-bugurl=https://trac.macports.org/newticket --disable-tls --with-pkgversion='MacPorts gcc6 6.4.0_0'
Thread model: posix
gcc version 6.4.0 (MacPorts gcc6 6.4.0_0) 
COMPILER_PATH=/opt/local/libexec/gcc/x86_64-apple-darwin15/6.4.0/:/opt/local/libexec/gcc/x86_64-apple-darwin15/6.4.0/:/opt/local/libexec/gcc/x86_64-apple-darwin15/:/opt/local/lib/gcc6/gcc/x86_64-apple-darwin15/6.4.0/:/opt/local/lib/gcc6/gcc/x86_64-apple-darwin15/
LIBRARY_PATH=/opt/local/lib/gcc6/gcc/x86_64-apple-darwin15/6.4.0/:/opt/local/lib/gcc6/gcc/x86_64-apple-darwin15/6.4.0/../../../
COLLECT_GCC_OPTIONS='-v' '-o' 'cmTC_c07cd' '-mmacosx-version-min=10.11.6' '-asm_macosx_version_min=10.11' '-shared-libgcc' '-mtune=core2'
 /opt/local/libexec/gcc/x86_64-apple-darwin15/6.4.0/collect2 -dynamic -arch x86_64 -macosx_version_min 10.11.6 -weak_reference_mismatches non-weak -o cmTC_c07cd -L/opt/local/lib/gcc6/gcc/x86_64-apple-darwin15/6.4.0 -L/opt/local/lib/gcc6/gcc/x86_64-apple-darwin15/6.4.0/../../.. -search_paths_first -headerpad_max_install_names -v CMakeFiles/cmTC_c07cd.dir/CMakeCXXCompilerABI.cpp.o -lstdc++ -no_compact_unwind -lSystem -lgcc_ext.10.5 -lgcc -lSystem -v
collect2 version 6.4.0
/opt/local/bin/ld -dynamic -arch x86_64 -macosx_version_min 10.11.6 -weak_reference_mismatches non-weak -o cmTC_c07cd -L/opt/local/lib/gcc6/gcc/x86_64-apple-darwin15/6.4.0 -L/opt/local/lib/gcc6/gcc/x86_64-apple-darwin15/6.4.0/../../.. -search_paths_first -headerpad_max_install_names -v CMakeFiles/cmTC_c07cd.dir/CMakeCXXCompilerABI.cpp.o -lstdc++ -no_compact_unwind -lSystem -lgcc_ext.10.5 -lgcc -lSystem -v
@(#)PROGRAM:ld  PROJECT:ld64-274.2
configured to support archs: i386 x86_64 x86_64h armv6 armv7 armv7s armv7m armv7k arm64 (tvOS)
@(#)PROGRAM:ld  PROJECT:ld64-274.2
configured to support archs: i386 x86_64 x86_64h armv6 armv7 armv7s armv7m armv7k arm64 (tvOS)
Library search paths:
	/opt/local/lib/gcc6/gcc/x86_64-apple-darwin15/6.4.0
	/opt/local/lib/gcc6
	/usr/lib
	/usr/local/lib
Framework search paths:
	/Library/Frameworks/
	/System/Library/Frameworks/
 /opt/local/bin/nm -n CMakeFiles/cmTC_c07cd.dir/CMakeCXXCompilerABI.cpp.o
gmake[1]: Leaving directory '/Users/broeckho/usr/projects/c++/stride/cmake-build-release/CMakeFiles/CMakeTmp'


Parsed CXX implicit link information from above output:
  link line regex: [^( *|.*[/\])(ld|CMAKE_LINK_STARTFILE-NOTFOUND|([^/\]+-)?ld|collect2)[^/\]*( |$)]
  ignore line: [Change Dir: /Users/broeckho/usr/projects/c++/stride/cmake-build-release/CMakeFiles/CMakeTmp]
  ignore line: []
  ignore line: [Run Build Command:"/opt/local/bin/gmake" "cmTC_c07cd/fast"]
  ignore line: [/opt/local/bin/gmake -f CMakeFiles/cmTC_c07cd.dir/build.make CMakeFiles/cmTC_c07cd.dir/build]
  ignore line: [gmake[1]: Entering directory '/Users/broeckho/usr/projects/c++/stride/cmake-build-release/CMakeFiles/CMakeTmp']
  ignore line: [Building CXX object CMakeFiles/cmTC_c07cd.dir/CMakeCXXCompilerABI.cpp.o]
  ignore line: [/opt/local/bin/g++     -o CMakeFiles/cmTC_c07cd.dir/CMakeCXXCompilerABI.cpp.o -c /Applications/CLion.app/Contents/bin/cmake/share/cmake-3.9/Modules/CMakeCXXCompilerABI.cpp]
  ignore line: [Linking CXX executable cmTC_c07cd]
  ignore line: [/Applications/CLion.app/Contents/bin/cmake/bin/cmake -E cmake_link_script CMakeFiles/cmTC_c07cd.dir/link.txt --verbose=1]
  ignore line: [/opt/local/bin/g++    -Wl,-search_paths_first -Wl,-headerpad_max_install_names  -v -Wl,-v CMakeFiles/cmTC_c07cd.dir/CMakeCXXCompilerABI.cpp.o  -o cmTC_c07cd ]
  ignore line: [Using built-in specs.]
  ignore line: [COLLECT_GCC=/opt/local/bin/g++]
  ignore line: [COLLECT_LTO_WRAPPER=/opt/local/libexec/gcc/x86_64-apple-darwin15/6.4.0/lto-wrapper]
  ignore line: [Target: x86_64-apple-darwin15]
  ignore line: [Configured with: /opt/local/var/macports/build/_opt_bblocal_var_buildworker_ports_build_ports_lang_gcc6/gcc6/work/gcc-6.4.0/configure --prefix=/opt/local --build=x86_64-apple-darwin15 --enable-languages=c,c++,objc,obj-c++,lto,fortran --libdir=/opt/local/lib/gcc6 --includedir=/opt/local/include/gcc6 --infodir=/opt/local/share/info --mandir=/opt/local/share/man --datarootdir=/opt/local/share/gcc-6 --with-local-prefix=/opt/local --with-system-zlib --disable-nls --program-suffix=-mp-6 --with-gxx-include-dir=/opt/local/include/gcc6/c++/ --with-gmp=/opt/local --with-mpfr=/opt/local --with-mpc=/opt/local --with-isl=/opt/local --enable-stage1-checking --disable-multilib --enable-lto --enable-libstdcxx-time --with-build-config=bootstrap-debug --with-as=/opt/local/bin/as --with-ld=/opt/local/bin/ld --with-ar=/opt/local/bin/ar --with-bugurl=https://trac.macports.org/newticket --disable-tls --with-pkgversion='MacPorts gcc6 6.4.0_0']
  ignore line: [Thread model: posix]
  ignore line: [gcc version 6.4.0 (MacPorts gcc6 6.4.0_0) ]
  ignore line: [COMPILER_PATH=/opt/local/libexec/gcc/x86_64-apple-darwin15/6.4.0/:/opt/local/libexec/gcc/x86_64-apple-darwin15/6.4.0/:/opt/local/libexec/gcc/x86_64-apple-darwin15/:/opt/local/lib/gcc6/gcc/x86_64-apple-darwin15/6.4.0/:/opt/local/lib/gcc6/gcc/x86_64-apple-darwin15/]
  ignore line: [LIBRARY_PATH=/opt/local/lib/gcc6/gcc/x86_64-apple-darwin15/6.4.0/:/opt/local/lib/gcc6/gcc/x86_64-apple-darwin15/6.4.0/../../../]
  ignore line: [COLLECT_GCC_OPTIONS='-v' '-o' 'cmTC_c07cd' '-mmacosx-version-min=10.11.6' '-asm_macosx_version_min=10.11' '-shared-libgcc' '-mtune=core2']
  link line: [ /opt/local/libexec/gcc/x86_64-apple-darwin15/6.4.0/collect2 -dynamic -arch x86_64 -macosx_version_min 10.11.6 -weak_reference_mismatches non-weak -o cmTC_c07cd -L/opt/local/lib/gcc6/gcc/x86_64-apple-darwin15/6.4.0 -L/opt/local/lib/gcc6/gcc/x86_64-apple-darwin15/6.4.0/../../.. -search_paths_first -headerpad_max_install_names -v CMakeFiles/cmTC_c07cd.dir/CMakeCXXCompilerABI.cpp.o -lstdc++ -no_compact_unwind -lSystem -lgcc_ext.10.5 -lgcc -lSystem -v]
    arg [/opt/local/libexec/gcc/x86_64-apple-darwin15/6.4.0/collect2] ==> ignore
    arg [-dynamic] ==> ignore
    arg [-arch] ==> ignore
    arg [x86_64] ==> ignore
    arg [-macosx_version_min] ==> ignore
    arg [10.11.6] ==> ignore
    arg [-weak_reference_mismatches] ==> ignore
    arg [non-weak] ==> ignore
    arg [-o] ==> ignore
    arg [cmTC_c07cd] ==> ignore
    arg [-L/opt/local/lib/gcc6/gcc/x86_64-apple-darwin15/6.4.0] ==> dir [/opt/local/lib/gcc6/gcc/x86_64-apple-darwin15/6.4.0]
    arg [-L/opt/local/lib/gcc6/gcc/x86_64-apple-darwin15/6.4.0/../../..] ==> dir [/opt/local/lib/gcc6/gcc/x86_64-apple-darwin15/6.4.0/../../..]
    arg [-search_paths_first] ==> ignore
    arg [-headerpad_max_install_names] ==> ignore
    arg [-v] ==> ignore
    arg [CMakeFiles/cmTC_c07cd.dir/CMakeCXXCompilerABI.cpp.o] ==> ignore
    arg [-lstdc++] ==> lib [stdc++]
    arg [-no_compact_unwind] ==> ignore
    arg [-lSystem] ==> lib [System]
    arg [-lgcc_ext.10.5] ==> lib [gcc_ext.10.5]
    arg [-lgcc] ==> lib [gcc]
    arg [-lSystem] ==> lib [System]
    arg [-v] ==> ignore
  Library search paths: [;/opt/local/lib/gcc6/gcc/x86_64-apple-darwin15/6.4.0;/opt/local/lib/gcc6;/usr/lib;/usr/local/lib]
  Framework search paths: [;/Library/Frameworks/;/System/Library/Frameworks/]
  remove lib [System]
  remove lib [System]
  collapse library dir [/opt/local/lib/gcc6/gcc/x86_64-apple-darwin15/6.4.0] ==> [/opt/local/lib/gcc6/gcc/x86_64-apple-darwin15/6.4.0]
  collapse library dir [/opt/local/lib/gcc6/gcc/x86_64-apple-darwin15/6.4.0/../../..] ==> [/opt/local/lib/gcc6]
  collapse library dir [/opt/local/lib/gcc6/gcc/x86_64-apple-darwin15/6.4.0] ==> [/opt/local/lib/gcc6/gcc/x86_64-apple-darwin15/6.4.0]
  collapse library dir [/opt/local/lib/gcc6] ==> [/opt/local/lib/gcc6]
  collapse library dir [/usr/lib] ==> [/usr/lib]
  collapse library dir [/usr/local/lib] ==> [/usr/local/lib]
  collapse framework dir [/Library/Frameworks/] ==> [/Library/Frameworks]
  collapse framework dir [/System/Library/Frameworks/] ==> [/System/Library/Frameworks]
  implicit libs: [stdc++;gcc_ext.10.5;gcc]
  implicit dirs: [/opt/local/lib/gcc6/gcc/x86_64-apple-darwin15/6.4.0;/opt/local/lib/gcc6;/usr/lib;/usr/local/lib]
  implicit fwks: [/Library/Frameworks;/System/Library/Frameworks]




Detecting CXX [-std=c++1z] compiler features compiled with the following output:
Change Dir: /Users/broeckho/usr/projects/c++/stride/cmake-build-release/CMakeFiles/CMakeTmp

Run Build Command:"/opt/local/bin/gmake" "cmTC_e863a/fast"
/opt/local/bin/gmake -f CMakeFiles/cmTC_e863a.dir/build.make CMakeFiles/cmTC_e863a.dir/build
gmake[1]: Entering directory '/Users/broeckho/usr/projects/c++/stride/cmake-build-release/CMakeFiles/CMakeTmp'
Building CXX object CMakeFiles/cmTC_e863a.dir/feature_tests.cxx.o
/opt/local/bin/g++    -std=c++1z -o CMakeFiles/cmTC_e863a.dir/feature_tests.cxx.o -c /Users/broeckho/usr/projects/c++/stride/cmake-build-release/CMakeFiles/feature_tests.cxx
Linking CXX executable cmTC_e863a
/Applications/CLion.app/Contents/bin/cmake/bin/cmake -E cmake_link_script CMakeFiles/cmTC_e863a.dir/link.txt --verbose=1
/opt/local/bin/g++    -Wl,-search_paths_first -Wl,-headerpad_max_install_names   CMakeFiles/cmTC_e863a.dir/feature_tests.cxx.o  -o cmTC_e863a 
gmake[1]: Leaving directory '/Users/broeckho/usr/projects/c++/stride/cmake-build-release/CMakeFiles/CMakeTmp'


    Feature record: CXX_FEATURE:1cxx_aggregate_default_initializers
    Feature record: CXX_FEATURE:1cxx_alias_templates
    Feature record: CXX_FEATURE:1cxx_alignas
    Feature record: CXX_FEATURE:1cxx_alignof
    Feature record: CXX_FEATURE:1cxx_attributes
    Feature record: CXX_FEATURE:1cxx_attribute_deprecated
    Feature record: CXX_FEATURE:1cxx_auto_type
    Feature record: CXX_FEATURE:1cxx_binary_literals
    Feature record: CXX_FEATURE:1cxx_constexpr
    Feature record: CXX_FEATURE:1cxx_contextual_conversions
    Feature record: CXX_FEATURE:1cxx_decltype
    Feature record: CXX_FEATURE:1cxx_decltype_auto
    Feature record: CXX_FEATURE:1cxx_decltype_incomplete_return_types
    Feature record: CXX_FEATURE:1cxx_default_function_template_args
    Feature record: CXX_FEATURE:1cxx_defaulted_functions
    Feature record: CXX_FEATURE:1cxx_defaulted_move_initializers
    Feature record: CXX_FEATURE:1cxx_delegating_constructors
    Feature record: CXX_FEATURE:1cxx_deleted_functions
    Feature record: CXX_FEATURE:1cxx_digit_separators
    Feature record: CXX_FEATURE:1cxx_enum_forward_declarations
    Feature record: CXX_FEATURE:1cxx_explicit_conversions
    Feature record: CXX_FEATURE:1cxx_extended_friend_declarations
    Feature record: CXX_FEATURE:1cxx_extern_templates
    Feature record: CXX_FEATURE:1cxx_final
    Feature record: CXX_FEATURE:1cxx_func_identifier
    Feature record: CXX_FEATURE:1cxx_generalized_initializers
    Feature record: CXX_FEATURE:1cxx_generic_lambdas
    Feature record: CXX_FEATURE:1cxx_inheriting_constructors
    Feature record: CXX_FEATURE:1cxx_inline_namespaces
    Feature record: CXX_FEATURE:1cxx_lambdas
    Feature record: CXX_FEATURE:1cxx_lambda_init_captures
    Feature record: CXX_FEATURE:1cxx_local_type_template_args
    Feature record: CXX_FEATURE:1cxx_long_long_type
    Feature record: CXX_FEATURE:1cxx_noexcept
    Feature record: CXX_FEATURE:1cxx_nonstatic_member_init
    Feature record: CXX_FEATURE:1cxx_nullptr
    Feature record: CXX_FEATURE:1cxx_override
    Feature record: CXX_FEATURE:1cxx_range_for
    Feature record: CXX_FEATURE:1cxx_raw_string_literals
    Feature record: CXX_FEATURE:1cxx_reference_qualified_functions
    Feature record: CXX_FEATURE:1cxx_relaxed_constexpr
    Feature record: CXX_FEATURE:1cxx_return_type_deduction
    Feature record: CXX_FEATURE:1cxx_right_angle_brackets
    Feature record: CXX_FEATURE:1cxx_rvalue_references
    Feature record: CXX_FEATURE:1cxx_sizeof_member
    Feature record: CXX_FEATURE:1cxx_static_assert
    Feature record: CXX_FEATURE:1cxx_strong_enums
    Feature record: CXX_FEATURE:1cxx_template_template_parameters
    Feature record: CXX_FEATURE:1cxx_thread_local
    Feature record: CXX_FEATURE:1cxx_trailing_return_types
    Feature record: CXX_FEATURE:1cxx_unicode_literals
    Feature record: CXX_FEATURE:1cxx_uniform_initialization
    Feature record: CXX_FEATURE:1cxx_unrestricted_unions
    Feature record: CXX_FEATURE:1cxx_user_literals
    Feature record: CXX_FEATURE:1cxx_variable_templates
    Feature record: CXX_FEATURE:1cxx_variadic_macros
    Feature record: CXX_FEATURE:1cxx_variadic_templates


Detecting CXX [-std=c++14] compiler features compiled with the following output:
Change Dir: /Users/broeckho/usr/projects/c++/stride/cmake-build-release/CMakeFiles/CMakeTmp

Run Build Command:"/opt/local/bin/gmake" "cmTC_f6e92/fast"
/opt/local/bin/gmake -f CMakeFiles/cmTC_f6e92.dir/build.make CMakeFiles/cmTC_f6e92.dir/build
gmake[1]: Entering directory '/Users/broeckho/usr/projects/c++/stride/cmake-build-release/CMakeFiles/CMakeTmp'
Building CXX object CMakeFiles/cmTC_f6e92.dir/feature_tests.cxx.o
/opt/local/bin/g++    -std=c++14 -o CMakeFiles/cmTC_f6e92.dir/feature_tests.cxx.o -c /Users/broeckho/usr/projects/c++/stride/cmake-build-release/CMakeFiles/feature_tests.cxx
Linking CXX executable cmTC_f6e92
/Applications/CLion.app/Contents/bin/cmake/bin/cmake -E cmake_link_script CMakeFiles/cmTC_f6e92.dir/link.txt --verbose=1
/opt/local/bin/g++    -Wl,-search_paths_first -Wl,-headerpad_max_install_names   CMakeFiles/cmTC_f6e92.dir/feature_tests.cxx.o  -o cmTC_f6e92 
gmake[1]: Leaving directory '/Users/broeckho/usr/projects/c++/stride/cmake-build-release/CMakeFiles/CMakeTmp'


    Feature record: CXX_FEATURE:1cxx_aggregate_default_initializers
    Feature record: CXX_FEATURE:1cxx_alias_templates
    Feature record: CXX_FEATURE:1cxx_alignas
    Feature record: CXX_FEATURE:1cxx_alignof
    Feature record: CXX_FEATURE:1cxx_attributes
    Feature record: CXX_FEATURE:1cxx_attribute_deprecated
    Feature record: CXX_FEATURE:1cxx_auto_type
    Feature record: CXX_FEATURE:1cxx_binary_literals
    Feature record: CXX_FEATURE:1cxx_constexpr
    Feature record: CXX_FEATURE:1cxx_contextual_conversions
    Feature record: CXX_FEATURE:1cxx_decltype
    Feature record: CXX_FEATURE:1cxx_decltype_auto
    Feature record: CXX_FEATURE:1cxx_decltype_incomplete_return_types
    Feature record: CXX_FEATURE:1cxx_default_function_template_args
    Feature record: CXX_FEATURE:1cxx_defaulted_functions
    Feature record: CXX_FEATURE:1cxx_defaulted_move_initializers
    Feature record: CXX_FEATURE:1cxx_delegating_constructors
    Feature record: CXX_FEATURE:1cxx_deleted_functions
    Feature record: CXX_FEATURE:1cxx_digit_separators
    Feature record: CXX_FEATURE:1cxx_enum_forward_declarations
    Feature record: CXX_FEATURE:1cxx_explicit_conversions
    Feature record: CXX_FEATURE:1cxx_extended_friend_declarations
    Feature record: CXX_FEATURE:1cxx_extern_templates
    Feature record: CXX_FEATURE:1cxx_final
    Feature record: CXX_FEATURE:1cxx_func_identifier
    Feature record: CXX_FEATURE:1cxx_generalized_initializers
    Feature record: CXX_FEATURE:1cxx_generic_lambdas
    Feature record: CXX_FEATURE:1cxx_inheriting_constructors
    Feature record: CXX_FEATURE:1cxx_inline_namespaces
    Feature record: CXX_FEATURE:1cxx_lambdas
    Feature record: CXX_FEATURE:1cxx_lambda_init_captures
    Feature record: CXX_FEATURE:1cxx_local_type_template_args
    Feature record: CXX_FEATURE:1cxx_long_long_type
    Feature record: CXX_FEATURE:1cxx_noexcept
    Feature record: CXX_FEATURE:1cxx_nonstatic_member_init
    Feature record: CXX_FEATURE:1cxx_nullptr
    Feature record: CXX_FEATURE:1cxx_override
    Feature record: CXX_FEATURE:1cxx_range_for
    Feature record: CXX_FEATURE:1cxx_raw_string_literals
    Feature record: CXX_FEATURE:1cxx_reference_qualified_functions
    Feature record: CXX_FEATURE:1cxx_relaxed_constexpr
    Feature record: CXX_FEATURE:1cxx_return_type_deduction
    Feature record: CXX_FEATURE:1cxx_right_angle_brackets
    Feature record: CXX_FEATURE:1cxx_rvalue_references
    Feature record: CXX_FEATURE:1cxx_sizeof_member
    Feature record: CXX_FEATURE:1cxx_static_assert
    Feature record: CXX_FEATURE:1cxx_strong_enums
    Feature record: CXX_FEATURE:1cxx_template_template_parameters
    Feature record: CXX_FEATURE:1cxx_thread_local
    Feature record: CXX_FEATURE:1cxx_trailing_return_types
    Feature record: CXX_FEATURE:1cxx_unicode_literals
    Feature record: CXX_FEATURE:1cxx_uniform_initialization
    Feature record: CXX_FEATURE:1cxx_unrestricted_unions
    Feature record: CXX_FEATURE:1cxx_user_literals
    Feature record: CXX_FEATURE:1cxx_variable_templates
    Feature record: CXX_FEATURE:1cxx_variadic_macros
    Feature record: CXX_FEATURE:1cxx_variadic_templates


Detecting CXX [-std=c++11] compiler features compiled with the following output:
Change Dir: /Users/broeckho/usr/projects/c++/stride/cmake-build-release/CMakeFiles/CMakeTmp

Run Build Command:"/opt/local/bin/gmake" "cmTC_f376d/fast"
/opt/local/bin/gmake -f CMakeFiles/cmTC_f376d.dir/build.make CMakeFiles/cmTC_f376d.dir/build
gmake[1]: Entering directory '/Users/broeckho/usr/projects/c++/stride/cmake-build-release/CMakeFiles/CMakeTmp'
Building CXX object CMakeFiles/cmTC_f376d.dir/feature_tests.cxx.o
/opt/local/bin/g++    -std=c++11 -o CMakeFiles/cmTC_f376d.dir/feature_tests.cxx.o -c /Users/broeckho/usr/projects/c++/stride/cmake-build-release/CMakeFiles/feature_tests.cxx
Linking CXX executable cmTC_f376d
/Applications/CLion.app/Contents/bin/cmake/bin/cmake -E cmake_link_script CMakeFiles/cmTC_f376d.dir/link.txt --verbose=1
/opt/local/bin/g++    -Wl,-search_paths_first -Wl,-headerpad_max_install_names   CMakeFiles/cmTC_f376d.dir/feature_tests.cxx.o  -o cmTC_f376d 
gmake[1]: Leaving directory '/Users/broeckho/usr/projects/c++/stride/cmake-build-release/CMakeFiles/CMakeTmp'


    Feature record: CXX_FEATURE:0cxx_aggregate_default_initializers
    Feature record: CXX_FEATURE:1cxx_alias_templates
    Feature record: CXX_FEATURE:1cxx_alignas
    Feature record: CXX_FEATURE:1cxx_alignof
    Feature record: CXX_FEATURE:1cxx_attributes
    Feature record: CXX_FEATURE:0cxx_attribute_deprecated
    Feature record: CXX_FEATURE:1cxx_auto_type
    Feature record: CXX_FEATURE:0cxx_binary_literals
    Feature record: CXX_FEATURE:1cxx_constexpr
    Feature record: CXX_FEATURE:0cxx_contextual_conversions
    Feature record: CXX_FEATURE:1cxx_decltype
    Feature record: CXX_FEATURE:0cxx_decltype_auto
    Feature record: CXX_FEATURE:1cxx_decltype_incomplete_return_types
    Feature record: CXX_FEATURE:1cxx_default_function_template_args
    Feature record: CXX_FEATURE:1cxx_defaulted_functions
    Feature record: CXX_FEATURE:1cxx_defaulted_move_initializers
    Feature record: CXX_FEATURE:1cxx_delegating_constructors
    Feature record: CXX_FEATURE:1cxx_deleted_functions
    Feature record: CXX_FEATURE:0cxx_digit_separators
    Feature record: CXX_FEATURE:1cxx_enum_forward_declarations
    Feature record: CXX_FEATURE:1cxx_explicit_conversions
    Feature record: CXX_FEATURE:1cxx_extended_friend_declarations
    Feature record: CXX_FEATURE:1cxx_extern_templates
    Feature record: CXX_FEATURE:1cxx_final
    Feature record: CXX_FEATURE:1cxx_func_identifier
    Feature record: CXX_FEATURE:1cxx_generalized_initializers
    Feature record: CXX_FEATURE:0cxx_generic_lambdas
    Feature record: CXX_FEATURE:1cxx_inheriting_constructors
    Feature record: CXX_FEATURE:1cxx_inline_namespaces
    Feature record: CXX_FEATURE:1cxx_lambdas
    Feature record: CXX_FEATURE:0cxx_lambda_init_captures
    Feature record: CXX_FEATURE:1cxx_local_type_template_args
    Feature record: CXX_FEATURE:1cxx_long_long_type
    Feature record: CXX_FEATURE:1cxx_noexcept
    Feature record: CXX_FEATURE:1cxx_nonstatic_member_init
    Feature record: CXX_FEATURE:1cxx_nullptr
    Feature record: CXX_FEATURE:1cxx_override
    Feature record: CXX_FEATURE:1cxx_range_for
    Feature record: CXX_FEATURE:1cxx_raw_string_literals
    Feature record: CXX_FEATURE:1cxx_reference_qualified_functions
    Feature record: CXX_FEATURE:0cxx_relaxed_constexpr
    Feature record: CXX_FEATURE:0cxx_return_type_deduction
    Feature record: CXX_FEATURE:1cxx_right_angle_brackets
    Feature record: CXX_FEATURE:1cxx_rvalue_references
    Feature record: CXX_FEATURE:1cxx_sizeof_member
    Feature record: CXX_FEATURE:1cxx_static_assert
    Feature record: CXX_FEATURE:1cxx_strong_enums
    Feature record: CXX_FEATURE:1cxx_template_template_parameters
    Feature record: CXX_FEATURE:1cxx_thread_local
    Feature record: CXX_FEATURE:1cxx_trailing_return_types
    Feature record: CXX_FEATURE:1cxx_unicode_literals
    Feature record: CXX_FEATURE:1cxx_uniform_initialization
    Feature record: CXX_FEATURE:1cxx_unrestricted_unions
    Feature record: CXX_FEATURE:1cxx_user_literals
    Feature record: CXX_FEATURE:0cxx_variable_templates
    Feature record: CXX_FEATURE:1cxx_variadic_macros
    Feature record: CXX_FEATURE:1cxx_variadic_templates


Detecting CXX [-std=c++98] compiler features compiled with the following output:
Change Dir: /Users/broeckho/usr/projects/c++/stride/cmake-build-release/CMakeFiles/CMakeTmp

Run Build Command:"/opt/local/bin/gmake" "cmTC_9b8fe/fast"
/opt/local/bin/gmake -f CMakeFiles/cmTC_9b8fe.dir/build.make CMakeFiles/cmTC_9b8fe.dir/build
gmake[1]: Entering directory '/Users/broeckho/usr/projects/c++/stride/cmake-build-release/CMakeFiles/CMakeTmp'
Building CXX object CMakeFiles/cmTC_9b8fe.dir/feature_tests.cxx.o
/opt/local/bin/g++    -std=c++98 -o CMakeFiles/cmTC_9b8fe.dir/feature_tests.cxx.o -c /Users/broeckho/usr/projects/c++/stride/cmake-build-release/CMakeFiles/feature_tests.cxx
Linking CXX executable cmTC_9b8fe
/Applications/CLion.app/Contents/bin/cmake/bin/cmake -E cmake_link_script CMakeFiles/cmTC_9b8fe.dir/link.txt --verbose=1
/opt/local/bin/g++    -Wl,-search_paths_first -Wl,-headerpad_max_install_names   CMakeFiles/cmTC_9b8fe.dir/feature_tests.cxx.o  -o cmTC_9b8fe 
gmake[1]: Leaving directory '/Users/broeckho/usr/projects/c++/stride/cmake-build-release/CMakeFiles/CMakeTmp'


    Feature record: CXX_FEATURE:0cxx_aggregate_default_initializers
    Feature record: CXX_FEATURE:0cxx_alias_templates
    Feature record: CXX_FEATURE:0cxx_alignas
    Feature record: CXX_FEATURE:0cxx_alignof
    Feature record: CXX_FEATURE:0cxx_attributes
    Feature record: CXX_FEATURE:0cxx_attribute_deprecated
    Feature record: CXX_FEATURE:0cxx_auto_type
    Feature record: CXX_FEATURE:0cxx_binary_literals
    Feature record: CXX_FEATURE:0cxx_constexpr
    Feature record: CXX_FEATURE:0cxx_contextual_conversions
    Feature record: CXX_FEATURE:0cxx_decltype
    Feature record: CXX_FEATURE:0cxx_decltype_auto
    Feature record: CXX_FEATURE:0cxx_decltype_incomplete_return_types
    Feature record: CXX_FEATURE:0cxx_default_function_template_args
    Feature record: CXX_FEATURE:0cxx_defaulted_functions
    Feature record: CXX_FEATURE:0cxx_defaulted_move_initializers
    Feature record: CXX_FEATURE:0cxx_delegating_constructors
    Feature record: CXX_FEATURE:0cxx_deleted_functions
    Feature record: CXX_FEATURE:0cxx_digit_separators
    Feature record: CXX_FEATURE:0cxx_enum_forward_declarations
    Feature record: CXX_FEATURE:0cxx_explicit_conversions
    Feature record: CXX_FEATURE:0cxx_extended_friend_declarations
    Feature record: CXX_FEATURE:0cxx_extern_templates
    Feature record: CXX_FEATURE:0cxx_final
    Feature record: CXX_FEATURE:0cxx_func_identifier
    Feature record: CXX_FEATURE:0cxx_generalized_initializers
    Feature record: CXX_FEATURE:0cxx_generic_lambdas
    Feature record: CXX_FEATURE:0cxx_inheriting_constructors
    Feature record: CXX_FEATURE:0cxx_inline_namespaces
    Feature record: CXX_FEATURE:0cxx_lambdas
    Feature record: CXX_FEATURE:0cxx_lambda_init_captures
    Feature record: CXX_FEATURE:0cxx_local_type_template_args
    Feature record: CXX_FEATURE:0cxx_long_long_type
    Feature record: CXX_FEATURE:0cxx_noexcept
    Feature record: CXX_FEATURE:0cxx_nonstatic_member_init
    Feature record: CXX_FEATURE:0cxx_nullptr
    Feature record: CXX_FEATURE:0cxx_override
    Feature record: CXX_FEATURE:0cxx_range_for
    Feature record: CXX_FEATURE:0cxx_raw_string_literals
    Feature record: CXX_FEATURE:0cxx_reference_qualified_functions
    Feature record: CXX_FEATURE:0cxx_relaxed_constexpr
    Feature record: CXX_FEATURE:0cxx_return_type_deduction
    Feature record: CXX_FEATURE:0cxx_right_angle_brackets
    Feature record: CXX_FEATURE:0cxx_rvalue_references
    Feature record: CXX_FEATURE:0cxx_sizeof_member
    Feature record: CXX_FEATURE:0cxx_static_assert
    Feature record: CXX_FEATURE:0cxx_strong_enums
    Feature record: CXX_FEATURE:1cxx_template_template_parameters
    Feature record: CXX_FEATURE:0cxx_thread_local
    Feature record: CXX_FEATURE:0cxx_trailing_return_types
    Feature record: CXX_FEATURE:0cxx_unicode_literals
    Feature record: CXX_FEATURE:0cxx_uniform_initialization
    Feature record: CXX_FEATURE:0cxx_unrestricted_unions
    Feature record: CXX_FEATURE:0cxx_user_literals
    Feature record: CXX_FEATURE:0cxx_variable_templates
    Feature record: CXX_FEATURE:0cxx_variadic_macros
    Feature record: CXX_FEATURE:0cxx_variadic_templates
Determining if the include file pthread.h exists passed with the following output:
Change Dir: /Users/broeckho/usr/projects/c++/stride/cmake-build-release/CMakeFiles/CMakeTmp

Run Build Command:"/opt/local/bin/gmake" "cmTC_de598/fast"
/opt/local/bin/gmake -f CMakeFiles/cmTC_de598.dir/build.make CMakeFiles/cmTC_de598.dir/build
gmake[1]: Entering directory '/Users/broeckho/usr/projects/c++/stride/cmake-build-release/CMakeFiles/CMakeTmp'
Building C object CMakeFiles/cmTC_de598.dir/CheckIncludeFile.c.o
/opt/local/bin/gcc    -o CMakeFiles/cmTC_de598.dir/CheckIncludeFile.c.o   -c /Users/broeckho/usr/projects/c++/stride/cmake-build-release/CMakeFiles/CMakeTmp/CheckIncludeFile.c
Linking C executable cmTC_de598
/Applications/CLion.app/Contents/bin/cmake/bin/cmake -E cmake_link_script CMakeFiles/cmTC_de598.dir/link.txt --verbose=1
/opt/local/bin/gcc   -Wl,-search_paths_first -Wl,-headerpad_max_install_names   CMakeFiles/cmTC_de598.dir/CheckIncludeFile.c.o  -o cmTC_de598 
gmake[1]: Leaving directory '/Users/broeckho/usr/projects/c++/stride/cmake-build-release/CMakeFiles/CMakeTmp'


Determining if the pthread_create exist passed with the following output:
Change Dir: /Users/broeckho/usr/projects/c++/stride/cmake-build-release/CMakeFiles/CMakeTmp

Run Build Command:"/opt/local/bin/gmake" "cmTC_60965/fast"
/opt/local/bin/gmake -f CMakeFiles/cmTC_60965.dir/build.make CMakeFiles/cmTC_60965.dir/build
gmake[1]: Entering directory '/Users/broeckho/usr/projects/c++/stride/cmake-build-release/CMakeFiles/CMakeTmp'
Building C object CMakeFiles/cmTC_60965.dir/CheckSymbolExists.c.o
/opt/local/bin/gcc    -o CMakeFiles/cmTC_60965.dir/CheckSymbolExists.c.o   -c /Users/broeckho/usr/projects/c++/stride/cmake-build-release/CMakeFiles/CMakeTmp/CheckSymbolExists.c
Linking C executable cmTC_60965
/Applications/CLion.app/Contents/bin/cmake/bin/cmake -E cmake_link_script CMakeFiles/cmTC_60965.dir/link.txt --verbose=1
/opt/local/bin/gcc   -Wl,-search_paths_first -Wl,-headerpad_max_install_names   CMakeFiles/cmTC_60965.dir/CheckSymbolExists.c.o  -o cmTC_60965 
gmake[1]: Leaving directory '/Users/broeckho/usr/projects/c++/stride/cmake-build-release/CMakeFiles/CMakeTmp'

File /Users/broeckho/usr/projects/c++/stride/cmake-build-release/CMakeFiles/CMakeTmp/CheckSymbolExists.c:
/* */
#include <pthread.h>

int main(int argc, char** argv)
{
  (void)argv;
#ifndef pthread_create
  return ((int*)(&pthread_create))[argc];
#else
  (void)argc;
  return 0;
#endif
}

Detecting C OpenMP compiler ABI info compiled with the following output:
Change Dir: /Users/broeckho/usr/projects/c++/stride/cmake-build-release/CMakeFiles/CMakeTmp

Run Build Command:"/opt/local/bin/gmake" "cmTC_d53c1/fast"
/opt/local/bin/gmake -f CMakeFiles/cmTC_d53c1.dir/build.make CMakeFiles/cmTC_d53c1.dir/build
gmake[1]: Entering directory '/Users/broeckho/usr/projects/c++/stride/cmake-build-release/CMakeFiles/CMakeTmp'
Building C object CMakeFiles/cmTC_d53c1.dir/OpenMPTryFlag.c.o
/opt/local/bin/gcc   -fopenmp -v -Wl,-v   -o CMakeFiles/cmTC_d53c1.dir/OpenMPTryFlag.c.o   -c /Users/broeckho/usr/projects/c++/stride/cmake-build-release/CMakeFiles/FindOpenMP/OpenMPTryFlag.c
Using built-in specs.
COLLECT_GCC=/opt/local/bin/gcc
Target: x86_64-apple-darwin15
Configured with: /opt/local/var/macports/build/_opt_bblocal_var_buildworker_ports_build_ports_lang_gcc6/gcc6/work/gcc-6.4.0/configure --prefix=/opt/local --build=x86_64-apple-darwin15 --enable-languages=c,c++,objc,obj-c++,lto,fortran --libdir=/opt/local/lib/gcc6 --includedir=/opt/local/include/gcc6 --infodir=/opt/local/share/info --mandir=/opt/local/share/man --datarootdir=/opt/local/share/gcc-6 --with-local-prefix=/opt/local --with-system-zlib --disable-nls --program-suffix=-mp-6 --with-gxx-include-dir=/opt/local/include/gcc6/c++/ --with-gmp=/opt/local --with-mpfr=/opt/local --with-mpc=/opt/local --with-isl=/opt/local --enable-stage1-checking --disable-multilib --enable-lto --enable-libstdcxx-time --with-build-config=bootstrap-debug --with-as=/opt/local/bin/as --with-ld=/opt/local/bin/ld --with-ar=/opt/local/bin/ar --with-bugurl=https://trac.macports.org/newticket --disable-tls --with-pkgversion='MacPorts gcc6 6.4.0_0'
Thread model: posix
gcc version 6.4.0 (MacPorts gcc6 6.4.0_0) 
COLLECT_GCC_OPTIONS='-fopenmp' '-v' '-o' 'CMakeFiles/cmTC_d53c1.dir/OpenMPTryFlag.c.o' '-c' '-mmacosx-version-min=10.11.6' '-asm_macosx_version_min=10.11' '-mtune=core2'
 /opt/local/libexec/gcc/x86_64-apple-darwin15/6.4.0/cc1 -quiet -v -D__DYNAMIC__ /Users/broeckho/usr/projects/c++/stride/cmake-build-release/CMakeFiles/FindOpenMP/OpenMPTryFlag.c -fPIC -quiet -dumpbase OpenMPTryFlag.c -mmacosx-version-min=10.11.6 -mtune=core2 -auxbase-strip CMakeFiles/cmTC_d53c1.dir/OpenMPTryFlag.c.o -version -fopenmp -o /var/folders/k6/fktr_x091qxgcyj3x5vlk8t00000gn/T//ccZrTJuu.s
GNU C11 (MacPorts gcc6 6.4.0_0) version 6.4.0 (x86_64-apple-darwin15)
	compiled by GNU C version 6.4.0, GMP version 6.1.2, MPFR version 3.1.5, MPC version 1.0.3, isl version 0.15
warning: MPFR header version 3.1.5 differs from library version 3.1.6.
GGC heuristics: --param ggc-min-expand=100 --param ggc-min-heapsize=131072
ignoring nonexistent directory "/opt/local/lib/gcc6/gcc/x86_64-apple-darwin15/6.4.0/../../../../../x86_64-apple-darwin15/include"
#include "..." search starts here:
#include <...> search starts here:
 /opt/local/lib/gcc6/gcc/x86_64-apple-darwin15/6.4.0/include
 /opt/local/include
 /opt/local/lib/gcc6/gcc/x86_64-apple-darwin15/6.4.0/include-fixed
 /usr/include
 /System/Library/Frameworks
 /Library/Frameworks
End of search list.
GNU C11 (MacPorts gcc6 6.4.0_0) version 6.4.0 (x86_64-apple-darwin15)
	compiled by GNU C version 6.4.0, GMP version 6.1.2, MPFR version 3.1.5, MPC version 1.0.3, isl version 0.15
warning: MPFR header version 3.1.5 differs from library version 3.1.6.
GGC heuristics: --param ggc-min-expand=100 --param ggc-min-heapsize=131072
Compiler executable checksum: a5f8d5f18c47b62923344038b57c6c62
COLLECT_GCC_OPTIONS='-fopenmp' '-v' '-o' 'CMakeFiles/cmTC_d53c1.dir/OpenMPTryFlag.c.o' '-c' '-mmacosx-version-min=10.11.6'  '-mtune=core2'
 /opt/local/bin/as -v -arch x86_64 -force_cpusubtype_ALL -o CMakeFiles/cmTC_d53c1.dir/OpenMPTryFlag.c.o /var/folders/k6/fktr_x091qxgcyj3x5vlk8t00000gn/T//ccZrTJuu.s
Apple Inc version cctools-895, GNU assembler version 1.38
COMPILER_PATH=/opt/local/libexec/gcc/x86_64-apple-darwin15/6.4.0/:/opt/local/libexec/gcc/x86_64-apple-darwin15/6.4.0/:/opt/local/libexec/gcc/x86_64-apple-darwin15/:/opt/local/lib/gcc6/gcc/x86_64-apple-darwin15/6.4.0/:/opt/local/lib/gcc6/gcc/x86_64-apple-darwin15/
LIBRARY_PATH=/opt/local/lib/gcc6/gcc/x86_64-apple-darwin15/6.4.0/:/opt/local/lib/gcc6/gcc/x86_64-apple-darwin15/6.4.0/../../../
COLLECT_GCC_OPTIONS='-fopenmp' '-v' '-o' 'CMakeFiles/cmTC_d53c1.dir/OpenMPTryFlag.c.o' '-c' '-mmacosx-version-min=10.11.6'  '-mtune=core2'
Linking C executable cmTC_d53c1
/Applications/CLion.app/Contents/bin/cmake/bin/cmake -E cmake_link_script CMakeFiles/cmTC_d53c1.dir/link.txt --verbose=1
/opt/local/bin/gcc  -fopenmp -v -Wl,-v -Wl,-search_paths_first -Wl,-headerpad_max_install_names   CMakeFiles/cmTC_d53c1.dir/OpenMPTryFlag.c.o  -o cmTC_d53c1 
Using built-in specs.
COLLECT_GCC=/opt/local/bin/gcc
COLLECT_LTO_WRAPPER=/opt/local/libexec/gcc/x86_64-apple-darwin15/6.4.0/lto-wrapper
Target: x86_64-apple-darwin15
Configured with: /opt/local/var/macports/build/_opt_bblocal_var_buildworker_ports_build_ports_lang_gcc6/gcc6/work/gcc-6.4.0/configure --prefix=/opt/local --build=x86_64-apple-darwin15 --enable-languages=c,c++,objc,obj-c++,lto,fortran --libdir=/opt/local/lib/gcc6 --includedir=/opt/local/include/gcc6 --infodir=/opt/local/share/info --mandir=/opt/local/share/man --datarootdir=/opt/local/share/gcc-6 --with-local-prefix=/opt/local --with-system-zlib --disable-nls --program-suffix=-mp-6 --with-gxx-include-dir=/opt/local/include/gcc6/c++/ --with-gmp=/opt/local --with-mpfr=/opt/local --with-mpc=/opt/local --with-isl=/opt/local --enable-stage1-checking --disable-multilib --enable-lto --enable-libstdcxx-time --with-build-config=bootstrap-debug --with-as=/opt/local/bin/as --with-ld=/opt/local/bin/ld --with-ar=/opt/local/bin/ar --with-bugurl=https://trac.macports.org/newticket --disable-tls --with-pkgversion='MacPorts gcc6 6.4.0_0'
Thread model: posix
gcc version 6.4.0 (MacPorts gcc6 6.4.0_0) 
COMPILER_PATH=/opt/local/libexec/gcc/x86_64-apple-darwin15/6.4.0/:/opt/local/libexec/gcc/x86_64-apple-darwin15/6.4.0/:/opt/local/libexec/gcc/x86_64-apple-darwin15/:/opt/local/lib/gcc6/gcc/x86_64-apple-darwin15/6.4.0/:/opt/local/lib/gcc6/gcc/x86_64-apple-darwin15/
LIBRARY_PATH=/opt/local/lib/gcc6/gcc/x86_64-apple-darwin15/6.4.0/:/opt/local/lib/gcc6/gcc/x86_64-apple-darwin15/6.4.0/../../../
COLLECT_GCC_OPTIONS='-fopenmp' '-v' '-o' 'cmTC_d53c1' '-mmacosx-version-min=10.11.6' '-asm_macosx_version_min=10.11' '-mtune=core2'
 /opt/local/libexec/gcc/x86_64-apple-darwin15/6.4.0/collect2 -dynamic -arch x86_64 -macosx_version_min 10.11.6 -weak_reference_mismatches non-weak -o cmTC_d53c1 -L/opt/local/lib/gcc6/gcc/x86_64-apple-darwin15/6.4.0 -L/opt/local/lib/gcc6/gcc/x86_64-apple-darwin15/6.4.0/../../.. -v -search_paths_first -headerpad_max_install_names CMakeFiles/cmTC_d53c1.dir/OpenMPTryFlag.c.o -lgomp -no_compact_unwind -lSystem -lgcc_ext.10.5 -lgcc -lSystem -v
collect2 version 6.4.0
/opt/local/bin/ld -dynamic -arch x86_64 -macosx_version_min 10.11.6 -weak_reference_mismatches non-weak -o cmTC_d53c1 -L/opt/local/lib/gcc6/gcc/x86_64-apple-darwin15/6.4.0 -L/opt/local/lib/gcc6/gcc/x86_64-apple-darwin15/6.4.0/../../.. -v -search_paths_first -headerpad_max_install_names CMakeFiles/cmTC_d53c1.dir/OpenMPTryFlag.c.o -lgomp -no_compact_unwind -lSystem -lgcc_ext.10.5 -lgcc -lSystem -v
@(#)PROGRAM:ld  PROJECT:ld64-274.2
configured to support archs: i386 x86_64 x86_64h armv6 armv7 armv7s armv7m armv7k arm64 (tvOS)
@(#)PROGRAM:ld  PROJECT:ld64-274.2
configured to support archs: i386 x86_64 x86_64h armv6 armv7 armv7s armv7m armv7k arm64 (tvOS)
Library search paths:
	/opt/local/lib/gcc6/gcc/x86_64-apple-darwin15/6.4.0
	/opt/local/lib/gcc6
	/usr/lib
	/usr/local/lib
Framework search paths:
	/Library/Frameworks/
	/System/Library/Frameworks/
 /opt/local/bin/nm -n CMakeFiles/cmTC_d53c1.dir/OpenMPTryFlag.c.o
gmake[1]: Leaving directory '/Users/broeckho/usr/projects/c++/stride/cmake-build-release/CMakeFiles/CMakeTmp'


Parsed C OpenMP implicit link information from above output:
  link line regex: [^( *|.*[/\])(ld|CMAKE_LINK_STARTFILE-NOTFOUND|([^/\]+-)?ld|collect2)[^/\]*( |$)]
  ignore line: [Change Dir: /Users/broeckho/usr/projects/c++/stride/cmake-build-release/CMakeFiles/CMakeTmp]
  ignore line: []
  ignore line: [Run Build Command:"/opt/local/bin/gmake" "cmTC_d53c1/fast"]
  ignore line: [/opt/local/bin/gmake -f CMakeFiles/cmTC_d53c1.dir/build.make CMakeFiles/cmTC_d53c1.dir/build]
  ignore line: [gmake[1]: Entering directory '/Users/broeckho/usr/projects/c++/stride/cmake-build-release/CMakeFiles/CMakeTmp']
  ignore line: [Building C object CMakeFiles/cmTC_d53c1.dir/OpenMPTryFlag.c.o]
  ignore line: [/opt/local/bin/gcc   -fopenmp -v -Wl,-v   -o CMakeFiles/cmTC_d53c1.dir/OpenMPTryFlag.c.o   -c /Users/broeckho/usr/projects/c++/stride/cmake-build-release/CMakeFiles/FindOpenMP/OpenMPTryFlag.c]
  ignore line: [Using built-in specs.]
  ignore line: [COLLECT_GCC=/opt/local/bin/gcc]
  ignore line: [Target: x86_64-apple-darwin15]
  ignore line: [Configured with: /opt/local/var/macports/build/_opt_bblocal_var_buildworker_ports_build_ports_lang_gcc6/gcc6/work/gcc-6.4.0/configure --prefix=/opt/local --build=x86_64-apple-darwin15 --enable-languages=c,c++,objc,obj-c++,lto,fortran --libdir=/opt/local/lib/gcc6 --includedir=/opt/local/include/gcc6 --infodir=/opt/local/share/info --mandir=/opt/local/share/man --datarootdir=/opt/local/share/gcc-6 --with-local-prefix=/opt/local --with-system-zlib --disable-nls --program-suffix=-mp-6 --with-gxx-include-dir=/opt/local/include/gcc6/c++/ --with-gmp=/opt/local --with-mpfr=/opt/local --with-mpc=/opt/local --with-isl=/opt/local --enable-stage1-checking --disable-multilib --enable-lto --enable-libstdcxx-time --with-build-config=bootstrap-debug --with-as=/opt/local/bin/as --with-ld=/opt/local/bin/ld --with-ar=/opt/local/bin/ar --with-bugurl=https://trac.macports.org/newticket --disable-tls --with-pkgversion='MacPorts gcc6 6.4.0_0']
  ignore line: [Thread model: posix]
  ignore line: [gcc version 6.4.0 (MacPorts gcc6 6.4.0_0) ]
  ignore line: [COLLECT_GCC_OPTIONS='-fopenmp' '-v' '-o' 'CMakeFiles/cmTC_d53c1.dir/OpenMPTryFlag.c.o' '-c' '-mmacosx-version-min=10.11.6' '-asm_macosx_version_min=10.11' '-mtune=core2']
  ignore line: [ /opt/local/libexec/gcc/x86_64-apple-darwin15/6.4.0/cc1 -quiet -v -D__DYNAMIC__ /Users/broeckho/usr/projects/c++/stride/cmake-build-release/CMakeFiles/FindOpenMP/OpenMPTryFlag.c -fPIC -quiet -dumpbase OpenMPTryFlag.c -mmacosx-version-min=10.11.6 -mtune=core2 -auxbase-strip CMakeFiles/cmTC_d53c1.dir/OpenMPTryFlag.c.o -version -fopenmp -o /var/folders/k6/fktr_x091qxgcyj3x5vlk8t00000gn/T//ccZrTJuu.s]
  ignore line: [GNU C11 (MacPorts gcc6 6.4.0_0) version 6.4.0 (x86_64-apple-darwin15)]
  ignore line: [	compiled by GNU C version 6.4.0, GMP version 6.1.2, MPFR version 3.1.5, MPC version 1.0.3, isl version 0.15]
  ignore line: [warning: MPFR header version 3.1.5 differs from library version 3.1.6.]
  ignore line: [GGC heuristics: --param ggc-min-expand=100 --param ggc-min-heapsize=131072]
  ignore line: [ignoring nonexistent directory "/opt/local/lib/gcc6/gcc/x86_64-apple-darwin15/6.4.0/../../../../../x86_64-apple-darwin15/include"]
  ignore line: [#include "..." search starts here:]
  ignore line: [#include <...> search starts here:]
  ignore line: [ /opt/local/lib/gcc6/gcc/x86_64-apple-darwin15/6.4.0/include]
  ignore line: [ /opt/local/include]
  ignore line: [ /opt/local/lib/gcc6/gcc/x86_64-apple-darwin15/6.4.0/include-fixed]
  ignore line: [ /usr/include]
  ignore line: [ /System/Library/Frameworks]
  ignore line: [ /Library/Frameworks]
  ignore line: [End of search list.]
  ignore line: [GNU C11 (MacPorts gcc6 6.4.0_0) version 6.4.0 (x86_64-apple-darwin15)]
  ignore line: [	compiled by GNU C version 6.4.0, GMP version 6.1.2, MPFR version 3.1.5, MPC version 1.0.3, isl version 0.15]
  ignore line: [warning: MPFR header version 3.1.5 differs from library version 3.1.6.]
  ignore line: [GGC heuristics: --param ggc-min-expand=100 --param ggc-min-heapsize=131072]
  ignore line: [Compiler executable checksum: a5f8d5f18c47b62923344038b57c6c62]
  ignore line: [COLLECT_GCC_OPTIONS='-fopenmp' '-v' '-o' 'CMakeFiles/cmTC_d53c1.dir/OpenMPTryFlag.c.o' '-c' '-mmacosx-version-min=10.11.6'  '-mtune=core2']
  ignore line: [ /opt/local/bin/as -v -arch x86_64 -force_cpusubtype_ALL -o CMakeFiles/cmTC_d53c1.dir/OpenMPTryFlag.c.o /var/folders/k6/fktr_x091qxgcyj3x5vlk8t00000gn/T//ccZrTJuu.s]
  ignore line: [Apple Inc version cctools-895, GNU assembler version 1.38]
  ignore line: [COMPILER_PATH=/opt/local/libexec/gcc/x86_64-apple-darwin15/6.4.0/:/opt/local/libexec/gcc/x86_64-apple-darwin15/6.4.0/:/opt/local/libexec/gcc/x86_64-apple-darwin15/:/opt/local/lib/gcc6/gcc/x86_64-apple-darwin15/6.4.0/:/opt/local/lib/gcc6/gcc/x86_64-apple-darwin15/]
  ignore line: [LIBRARY_PATH=/opt/local/lib/gcc6/gcc/x86_64-apple-darwin15/6.4.0/:/opt/local/lib/gcc6/gcc/x86_64-apple-darwin15/6.4.0/../../../]
  ignore line: [COLLECT_GCC_OPTIONS='-fopenmp' '-v' '-o' 'CMakeFiles/cmTC_d53c1.dir/OpenMPTryFlag.c.o' '-c' '-mmacosx-version-min=10.11.6'  '-mtune=core2']
  ignore line: [Linking C executable cmTC_d53c1]
  ignore line: [/Applications/CLion.app/Contents/bin/cmake/bin/cmake -E cmake_link_script CMakeFiles/cmTC_d53c1.dir/link.txt --verbose=1]
  ignore line: [/opt/local/bin/gcc  -fopenmp -v -Wl,-v -Wl,-search_paths_first -Wl,-headerpad_max_install_names   CMakeFiles/cmTC_d53c1.dir/OpenMPTryFlag.c.o  -o cmTC_d53c1 ]
  ignore line: [Using built-in specs.]
  ignore line: [COLLECT_GCC=/opt/local/bin/gcc]
  ignore line: [COLLECT_LTO_WRAPPER=/opt/local/libexec/gcc/x86_64-apple-darwin15/6.4.0/lto-wrapper]
  ignore line: [Target: x86_64-apple-darwin15]
  ignore line: [Configured with: /opt/local/var/macports/build/_opt_bblocal_var_buildworker_ports_build_ports_lang_gcc6/gcc6/work/gcc-6.4.0/configure --prefix=/opt/local --build=x86_64-apple-darwin15 --enable-languages=c,c++,objc,obj-c++,lto,fortran --libdir=/opt/local/lib/gcc6 --includedir=/opt/local/include/gcc6 --infodir=/opt/local/share/info --mandir=/opt/local/share/man --datarootdir=/opt/local/share/gcc-6 --with-local-prefix=/opt/local --with-system-zlib --disable-nls --program-suffix=-mp-6 --with-gxx-include-dir=/opt/local/include/gcc6/c++/ --with-gmp=/opt/local --with-mpfr=/opt/local --with-mpc=/opt/local --with-isl=/opt/local --enable-stage1-checking --disable-multilib --enable-lto --enable-libstdcxx-time --with-build-config=bootstrap-debug --with-as=/opt/local/bin/as --with-ld=/opt/local/bin/ld --with-ar=/opt/local/bin/ar --with-bugurl=https://trac.macports.org/newticket --disable-tls --with-pkgversion='MacPorts gcc6 6.4.0_0']
  ignore line: [Thread model: posix]
  ignore line: [gcc version 6.4.0 (MacPorts gcc6 6.4.0_0) ]
  ignore line: [COMPILER_PATH=/opt/local/libexec/gcc/x86_64-apple-darwin15/6.4.0/:/opt/local/libexec/gcc/x86_64-apple-darwin15/6.4.0/:/opt/local/libexec/gcc/x86_64-apple-darwin15/:/opt/local/lib/gcc6/gcc/x86_64-apple-darwin15/6.4.0/:/opt/local/lib/gcc6/gcc/x86_64-apple-darwin15/]
  ignore line: [LIBRARY_PATH=/opt/local/lib/gcc6/gcc/x86_64-apple-darwin15/6.4.0/:/opt/local/lib/gcc6/gcc/x86_64-apple-darwin15/6.4.0/../../../]
  ignore line: [COLLECT_GCC_OPTIONS='-fopenmp' '-v' '-o' 'cmTC_d53c1' '-mmacosx-version-min=10.11.6' '-asm_macosx_version_min=10.11' '-mtune=core2']
  link line: [ /opt/local/libexec/gcc/x86_64-apple-darwin15/6.4.0/collect2 -dynamic -arch x86_64 -macosx_version_min 10.11.6 -weak_reference_mismatches non-weak -o cmTC_d53c1 -L/opt/local/lib/gcc6/gcc/x86_64-apple-darwin15/6.4.0 -L/opt/local/lib/gcc6/gcc/x86_64-apple-darwin15/6.4.0/../../.. -v -search_paths_first -headerpad_max_install_names CMakeFiles/cmTC_d53c1.dir/OpenMPTryFlag.c.o -lgomp -no_compact_unwind -lSystem -lgcc_ext.10.5 -lgcc -lSystem -v]
    arg [/opt/local/libexec/gcc/x86_64-apple-darwin15/6.4.0/collect2] ==> ignore
    arg [-dynamic] ==> ignore
    arg [-arch] ==> ignore
    arg [x86_64] ==> ignore
    arg [-macosx_version_min] ==> ignore
    arg [10.11.6] ==> ignore
    arg [-weak_reference_mismatches] ==> ignore
    arg [non-weak] ==> ignore
    arg [-o] ==> ignore
    arg [cmTC_d53c1] ==> ignore
    arg [-L/opt/local/lib/gcc6/gcc/x86_64-apple-darwin15/6.4.0] ==> dir [/opt/local/lib/gcc6/gcc/x86_64-apple-darwin15/6.4.0]
    arg [-L/opt/local/lib/gcc6/gcc/x86_64-apple-darwin15/6.4.0/../../..] ==> dir [/opt/local/lib/gcc6/gcc/x86_64-apple-darwin15/6.4.0/../../..]
    arg [-v] ==> ignore
    arg [-search_paths_first] ==> ignore
    arg [-headerpad_max_install_names] ==> ignore
    arg [CMakeFiles/cmTC_d53c1.dir/OpenMPTryFlag.c.o] ==> ignore
    arg [-lgomp] ==> lib [gomp]
    arg [-no_compact_unwind] ==> ignore
    arg [-lSystem] ==> lib [System]
    arg [-lgcc_ext.10.5] ==> lib [gcc_ext.10.5]
    arg [-lgcc] ==> lib [gcc]
    arg [-lSystem] ==> lib [System]
    arg [-v] ==> ignore
  Library search paths: [;/opt/local/lib/gcc6/gcc/x86_64-apple-darwin15/6.4.0;/opt/local/lib/gcc6;/usr/lib;/usr/local/lib]
  Framework search paths: [;/Library/Frameworks/;/System/Library/Frameworks/]
  remove lib [System]
  remove lib [System]
  collapse library dir [/opt/local/lib/gcc6/gcc/x86_64-apple-darwin15/6.4.0] ==> [/opt/local/lib/gcc6/gcc/x86_64-apple-darwin15/6.4.0]
  collapse library dir [/opt/local/lib/gcc6/gcc/x86_64-apple-darwin15/6.4.0/../../..] ==> [/opt/local/lib/gcc6]
  collapse library dir [/opt/local/lib/gcc6/gcc/x86_64-apple-darwin15/6.4.0] ==> [/opt/local/lib/gcc6/gcc/x86_64-apple-darwin15/6.4.0]
  collapse library dir [/opt/local/lib/gcc6] ==> [/opt/local/lib/gcc6]
  collapse library dir [/usr/lib] ==> [/usr/lib]
  collapse library dir [/usr/local/lib] ==> [/usr/local/lib]
  collapse framework dir [/Library/Frameworks/] ==> [/Library/Frameworks]
  collapse framework dir [/System/Library/Frameworks/] ==> [/System/Library/Frameworks]
  implicit libs: [gomp;gcc_ext.10.5;gcc]
  implicit dirs: [/opt/local/lib/gcc6/gcc/x86_64-apple-darwin15/6.4.0;/opt/local/lib/gcc6;/usr/lib;/usr/local/lib]
  implicit fwks: [/Library/Frameworks;/System/Library/Frameworks]


Detecting CXX OpenMP compiler ABI info compiled with the following output:
Change Dir: /Users/broeckho/usr/projects/c++/stride/cmake-build-release/CMakeFiles/CMakeTmp

Run Build Command:"/opt/local/bin/gmake" "cmTC_6daa5/fast"
/opt/local/bin/gmake -f CMakeFiles/cmTC_6daa5.dir/build.make CMakeFiles/cmTC_6daa5.dir/build
gmake[1]: Entering directory '/Users/broeckho/usr/projects/c++/stride/cmake-build-release/CMakeFiles/CMakeTmp'
Building CXX object CMakeFiles/cmTC_6daa5.dir/OpenMPTryFlag.cpp.o
/opt/local/bin/g++    -std=c++14 -Wall -Wno-unknown-pragmas  -Wno-array-bounds -Wno-unused-private-field -fPIC -fopenmp -v -Wl,-v   -o CMakeFiles/cmTC_6daa5.dir/OpenMPTryFlag.cpp.o -c /Users/broeckho/usr/projects/c++/stride/cmake-build-release/CMakeFiles/FindOpenMP/OpenMPTryFlag.cpp
Using built-in specs.
COLLECT_GCC=/opt/local/bin/g++
Target: x86_64-apple-darwin15
Configured with: /opt/local/var/macports/build/_opt_bblocal_var_buildworker_ports_build_ports_lang_gcc6/gcc6/work/gcc-6.4.0/configure --prefix=/opt/local --build=x86_64-apple-darwin15 --enable-languages=c,c++,objc,obj-c++,lto,fortran --libdir=/opt/local/lib/gcc6 --includedir=/opt/local/include/gcc6 --infodir=/opt/local/share/info --mandir=/opt/local/share/man --datarootdir=/opt/local/share/gcc-6 --with-local-prefix=/opt/local --with-system-zlib --disable-nls --program-suffix=-mp-6 --with-gxx-include-dir=/opt/local/include/gcc6/c++/ --with-gmp=/opt/local --with-mpfr=/opt/local --with-mpc=/opt/local --with-isl=/opt/local --enable-stage1-checking --disable-multilib --enable-lto --enable-libstdcxx-time --with-build-config=bootstrap-debug --with-as=/opt/local/bin/as --with-ld=/opt/local/bin/ld --with-ar=/opt/local/bin/ar --with-bugurl=https://trac.macports.org/newticket --disable-tls --with-pkgversion='MacPorts gcc6 6.4.0_0'
Thread model: posix
gcc version 6.4.0 (MacPorts gcc6 6.4.0_0) 
COLLECT_GCC_OPTIONS='-std=c++14' '-Wall' '-Wno-unknown-pragmas' '-Wno-array-bounds' '-Wno-unused-private-field' '-fPIC' '-fopenmp' '-v' '-o' 'CMakeFiles/cmTC_6daa5.dir/OpenMPTryFlag.cpp.o' '-c' '-mmacosx-version-min=10.11.6' '-asm_macosx_version_min=10.11' '-shared-libgcc' '-mtune=core2'
 /opt/local/libexec/gcc/x86_64-apple-darwin15/6.4.0/cc1plus -quiet -v -D__DYNAMIC__ /Users/broeckho/usr/projects/c++/stride/cmake-build-release/CMakeFiles/FindOpenMP/OpenMPTryFlag.cpp -fPIC -quiet -dumpbase OpenMPTryFlag.cpp -mmacosx-version-min=10.11.6 -mtune=core2 -auxbase-strip CMakeFiles/cmTC_6daa5.dir/OpenMPTryFlag.cpp.o -Wall -Wno-unknown-pragmas -Wno-array-bounds -Wno-unused-private-field -std=c++14 -version -fPIC -fopenmp -o /var/folders/k6/fktr_x091qxgcyj3x5vlk8t00000gn/T//cc978VOk.s
GNU C++14 (MacPorts gcc6 6.4.0_0) version 6.4.0 (x86_64-apple-darwin15)
	compiled by GNU C version 6.4.0, GMP version 6.1.2, MPFR version 3.1.5, MPC version 1.0.3, isl version 0.15
warning: MPFR header version 3.1.5 differs from library version 3.1.6.
GGC heuristics: --param ggc-min-expand=100 --param ggc-min-heapsize=131072
ignoring nonexistent directory "/opt/local/lib/gcc6/gcc/x86_64-apple-darwin15/6.4.0/../../../../../x86_64-apple-darwin15/include"
#include "..." search starts here:
#include <...> search starts here:
 /opt/local/include/gcc6/c++/
 /opt/local/include/gcc6/c++//x86_64-apple-darwin15
 /opt/local/include/gcc6/c++//backward
 /opt/local/lib/gcc6/gcc/x86_64-apple-darwin15/6.4.0/include
 /opt/local/include
 /opt/local/lib/gcc6/gcc/x86_64-apple-darwin15/6.4.0/include-fixed
 /usr/include
 /System/Library/Frameworks
 /Library/Frameworks
End of search list.
GNU C++14 (MacPorts gcc6 6.4.0_0) version 6.4.0 (x86_64-apple-darwin15)
	compiled by GNU C version 6.4.0, GMP version 6.1.2, MPFR version 3.1.5, MPC version 1.0.3, isl version 0.15
warning: MPFR header version 3.1.5 differs from library version 3.1.6.
GGC heuristics: --param ggc-min-expand=100 --param ggc-min-heapsize=131072
Compiler executable checksum: 0e2951050747facf6d82973ebdf3e7ac
COLLECT_GCC_OPTIONS='-std=c++14' '-Wall' '-Wno-unknown-pragmas' '-Wno-array-bounds' '-Wno-unused-private-field' '-fPIC' '-fopenmp' '-v' '-o' 'CMakeFiles/cmTC_6daa5.dir/OpenMPTryFlag.cpp.o' '-c' '-mmacosx-version-min=10.11.6'  '-shared-libgcc' '-mtune=core2'
 /opt/local/bin/as -v -arch x86_64 -force_cpusubtype_ALL -o CMakeFiles/cmTC_6daa5.dir/OpenMPTryFlag.cpp.o /var/folders/k6/fktr_x091qxgcyj3x5vlk8t00000gn/T//cc978VOk.s
Apple Inc version cctools-895, GNU assembler version 1.38
COMPILER_PATH=/opt/local/libexec/gcc/x86_64-apple-darwin15/6.4.0/:/opt/local/libexec/gcc/x86_64-apple-darwin15/6.4.0/:/opt/local/libexec/gcc/x86_64-apple-darwin15/:/opt/local/lib/gcc6/gcc/x86_64-apple-darwin15/6.4.0/:/opt/local/lib/gcc6/gcc/x86_64-apple-darwin15/
LIBRARY_PATH=/opt/local/lib/gcc6/gcc/x86_64-apple-darwin15/6.4.0/:/opt/local/lib/gcc6/gcc/x86_64-apple-darwin15/6.4.0/../../../
COLLECT_GCC_OPTIONS='-std=c++14' '-Wall' '-Wno-unknown-pragmas' '-Wno-array-bounds' '-Wno-unused-private-field' '-fPIC' '-fopenmp' '-v' '-o' 'CMakeFiles/cmTC_6daa5.dir/OpenMPTryFlag.cpp.o' '-c' '-mmacosx-version-min=10.11.6'  '-shared-libgcc' '-mtune=core2'
Linking CXX executable cmTC_6daa5
/Applications/CLion.app/Contents/bin/cmake/bin/cmake -E cmake_link_script CMakeFiles/cmTC_6daa5.dir/link.txt --verbose=1
/opt/local/bin/g++   -std=c++14 -Wall -Wno-unknown-pragmas  -Wno-array-bounds -Wno-unused-private-field -fPIC -fopenmp -v -Wl,-v -Wl,-search_paths_first -Wl,-headerpad_max_install_names   CMakeFiles/cmTC_6daa5.dir/OpenMPTryFlag.cpp.o  -o cmTC_6daa5 
Using built-in specs.
COLLECT_GCC=/opt/local/bin/g++
COLLECT_LTO_WRAPPER=/opt/local/libexec/gcc/x86_64-apple-darwin15/6.4.0/lto-wrapper
Target: x86_64-apple-darwin15
Configured with: /opt/local/var/macports/build/_opt_bblocal_var_buildworker_ports_build_ports_lang_gcc6/gcc6/work/gcc-6.4.0/configure --prefix=/opt/local --build=x86_64-apple-darwin15 --enable-languages=c,c++,objc,obj-c++,lto,fortran --libdir=/opt/local/lib/gcc6 --includedir=/opt/local/include/gcc6 --infodir=/opt/local/share/info --mandir=/opt/local/share/man --datarootdir=/opt/local/share/gcc-6 --with-local-prefix=/opt/local --with-system-zlib --disable-nls --program-suffix=-mp-6 --with-gxx-include-dir=/opt/local/include/gcc6/c++/ --with-gmp=/opt/local --with-mpfr=/opt/local --with-mpc=/opt/local --with-isl=/opt/local --enable-stage1-checking --disable-multilib --enable-lto --enable-libstdcxx-time --with-build-config=bootstrap-debug --with-as=/opt/local/bin/as --with-ld=/opt/local/bin/ld --with-ar=/opt/local/bin/ar --with-bugurl=https://trac.macports.org/newticket --disable-tls --with-pkgversion='MacPorts gcc6 6.4.0_0'
Thread model: posix
gcc version 6.4.0 (MacPorts gcc6 6.4.0_0) 
COMPILER_PATH=/opt/local/libexec/gcc/x86_64-apple-darwin15/6.4.0/:/opt/local/libexec/gcc/x86_64-apple-darwin15/6.4.0/:/opt/local/libexec/gcc/x86_64-apple-darwin15/:/opt/local/lib/gcc6/gcc/x86_64-apple-darwin15/6.4.0/:/opt/local/lib/gcc6/gcc/x86_64-apple-darwin15/
LIBRARY_PATH=/opt/local/lib/gcc6/gcc/x86_64-apple-darwin15/6.4.0/:/opt/local/lib/gcc6/gcc/x86_64-apple-darwin15/6.4.0/../../../
COLLECT_GCC_OPTIONS='-std=c++14' '-Wall' '-Wno-unknown-pragmas' '-Wno-array-bounds' '-Wno-unused-private-field' '-fPIC' '-fopenmp' '-v' '-o' 'cmTC_6daa5' '-mmacosx-version-min=10.11.6' '-asm_macosx_version_min=10.11' '-shared-libgcc' '-mtune=core2'
 /opt/local/libexec/gcc/x86_64-apple-darwin15/6.4.0/collect2 -dynamic -arch x86_64 -macosx_version_min 10.11.6 -weak_reference_mismatches non-weak -o cmTC_6daa5 -L/opt/local/lib/gcc6/gcc/x86_64-apple-darwin15/6.4.0 -L/opt/local/lib/gcc6/gcc/x86_64-apple-darwin15/6.4.0/../../.. -v -search_paths_first -headerpad_max_install_names CMakeFiles/cmTC_6daa5.dir/OpenMPTryFlag.cpp.o -lstdc++ -lgomp -no_compact_unwind -lSystem -lgcc_ext.10.5 -lgcc -lSystem -v
collect2 version 6.4.0
/opt/local/bin/ld -dynamic -arch x86_64 -macosx_version_min 10.11.6 -weak_reference_mismatches non-weak -o cmTC_6daa5 -L/opt/local/lib/gcc6/gcc/x86_64-apple-darwin15/6.4.0 -L/opt/local/lib/gcc6/gcc/x86_64-apple-darwin15/6.4.0/../../.. -v -search_paths_first -headerpad_max_install_names CMakeFiles/cmTC_6daa5.dir/OpenMPTryFlag.cpp.o -lstdc++ -lgomp -no_compact_unwind -lSystem -lgcc_ext.10.5 -lgcc -lSystem -v
@(#)PROGRAM:ld  PROJECT:ld64-274.2
configured to support archs: i386 x86_64 x86_64h armv6 armv7 armv7s armv7m armv7k arm64 (tvOS)
@(#)PROGRAM:ld  PROJECT:ld64-274.2
configured to support archs: i386 x86_64 x86_64h armv6 armv7 armv7s armv7m armv7k arm64 (tvOS)
Library search paths:
	/opt/local/lib/gcc6/gcc/x86_64-apple-darwin15/6.4.0
	/opt/local/lib/gcc6
	/usr/lib
	/usr/local/lib
Framework search paths:
	/Library/Frameworks/
	/System/Library/Frameworks/
 /opt/local/bin/nm -n CMakeFiles/cmTC_6daa5.dir/OpenMPTryFlag.cpp.o
gmake[1]: Leaving directory '/Users/broeckho/usr/projects/c++/stride/cmake-build-release/CMakeFiles/CMakeTmp'


Parsed CXX OpenMP implicit link information from above output:
  link line regex: [^( *|.*[/\])(ld|CMAKE_LINK_STARTFILE-NOTFOUND|([^/\]+-)?ld|collect2)[^/\]*( |$)]
  ignore line: [Change Dir: /Users/broeckho/usr/projects/c++/stride/cmake-build-release/CMakeFiles/CMakeTmp]
  ignore line: []
  ignore line: [Run Build Command:"/opt/local/bin/gmake" "cmTC_6daa5/fast"]
  ignore line: [/opt/local/bin/gmake -f CMakeFiles/cmTC_6daa5.dir/build.make CMakeFiles/cmTC_6daa5.dir/build]
  ignore line: [gmake[1]: Entering directory '/Users/broeckho/usr/projects/c++/stride/cmake-build-release/CMakeFiles/CMakeTmp']
  ignore line: [Building CXX object CMakeFiles/cmTC_6daa5.dir/OpenMPTryFlag.cpp.o]
  ignore line: [/opt/local/bin/g++    -std=c++14 -Wall -Wno-unknown-pragmas  -Wno-array-bounds -Wno-unused-private-field -fPIC -fopenmp -v -Wl,-v   -o CMakeFiles/cmTC_6daa5.dir/OpenMPTryFlag.cpp.o -c /Users/broeckho/usr/projects/c++/stride/cmake-build-release/CMakeFiles/FindOpenMP/OpenMPTryFlag.cpp]
  ignore line: [Using built-in specs.]
  ignore line: [COLLECT_GCC=/opt/local/bin/g++]
  ignore line: [Target: x86_64-apple-darwin15]
  ignore line: [Configured with: /opt/local/var/macports/build/_opt_bblocal_var_buildworker_ports_build_ports_lang_gcc6/gcc6/work/gcc-6.4.0/configure --prefix=/opt/local --build=x86_64-apple-darwin15 --enable-languages=c,c++,objc,obj-c++,lto,fortran --libdir=/opt/local/lib/gcc6 --includedir=/opt/local/include/gcc6 --infodir=/opt/local/share/info --mandir=/opt/local/share/man --datarootdir=/opt/local/share/gcc-6 --with-local-prefix=/opt/local --with-system-zlib --disable-nls --program-suffix=-mp-6 --with-gxx-include-dir=/opt/local/include/gcc6/c++/ --with-gmp=/opt/local --with-mpfr=/opt/local --with-mpc=/opt/local --with-isl=/opt/local --enable-stage1-checking --disable-multilib --enable-lto --enable-libstdcxx-time --with-build-config=bootstrap-debug --with-as=/opt/local/bin/as --with-ld=/opt/local/bin/ld --with-ar=/opt/local/bin/ar --with-bugurl=https://trac.macports.org/newticket --disable-tls --with-pkgversion='MacPorts gcc6 6.4.0_0']
  ignore line: [Thread model: posix]
  ignore line: [gcc version 6.4.0 (MacPorts gcc6 6.4.0_0) ]
  ignore line: [COLLECT_GCC_OPTIONS='-std=c++14' '-Wall' '-Wno-unknown-pragmas' '-Wno-array-bounds' '-Wno-unused-private-field' '-fPIC' '-fopenmp' '-v' '-o' 'CMakeFiles/cmTC_6daa5.dir/OpenMPTryFlag.cpp.o' '-c' '-mmacosx-version-min=10.11.6' '-asm_macosx_version_min=10.11' '-shared-libgcc' '-mtune=core2']
  ignore line: [ /opt/local/libexec/gcc/x86_64-apple-darwin15/6.4.0/cc1plus -quiet -v -D__DYNAMIC__ /Users/broeckho/usr/projects/c++/stride/cmake-build-release/CMakeFiles/FindOpenMP/OpenMPTryFlag.cpp -fPIC -quiet -dumpbase OpenMPTryFlag.cpp -mmacosx-version-min=10.11.6 -mtune=core2 -auxbase-strip CMakeFiles/cmTC_6daa5.dir/OpenMPTryFlag.cpp.o -Wall -Wno-unknown-pragmas -Wno-array-bounds -Wno-unused-private-field -std=c++14 -version -fPIC -fopenmp -o /var/folders/k6/fktr_x091qxgcyj3x5vlk8t00000gn/T//cc978VOk.s]
  ignore line: [GNU C++14 (MacPorts gcc6 6.4.0_0) version 6.4.0 (x86_64-apple-darwin15)]
  ignore line: [	compiled by GNU C version 6.4.0, GMP version 6.1.2, MPFR version 3.1.5, MPC version 1.0.3, isl version 0.15]
  ignore line: [warning: MPFR header version 3.1.5 differs from library version 3.1.6.]
  ignore line: [GGC heuristics: --param ggc-min-expand=100 --param ggc-min-heapsize=131072]
  ignore line: [ignoring nonexistent directory "/opt/local/lib/gcc6/gcc/x86_64-apple-darwin15/6.4.0/../../../../../x86_64-apple-darwin15/include"]
  ignore line: [#include "..." search starts here:]
  ignore line: [#include <...> search starts here:]
  ignore line: [ /opt/local/include/gcc6/c++/]
  ignore line: [ /opt/local/include/gcc6/c++//x86_64-apple-darwin15]
  ignore line: [ /opt/local/include/gcc6/c++//backward]
  ignore line: [ /opt/local/lib/gcc6/gcc/x86_64-apple-darwin15/6.4.0/include]
  ignore line: [ /opt/local/include]
  ignore line: [ /opt/local/lib/gcc6/gcc/x86_64-apple-darwin15/6.4.0/include-fixed]
  ignore line: [ /usr/include]
  ignore line: [ /System/Library/Frameworks]
  ignore line: [ /Library/Frameworks]
  ignore line: [End of search list.]
  ignore line: [GNU C++14 (MacPorts gcc6 6.4.0_0) version 6.4.0 (x86_64-apple-darwin15)]
  ignore line: [	compiled by GNU C version 6.4.0, GMP version 6.1.2, MPFR version 3.1.5, MPC version 1.0.3, isl version 0.15]
  ignore line: [warning: MPFR header version 3.1.5 differs from library version 3.1.6.]
  ignore line: [GGC heuristics: --param ggc-min-expand=100 --param ggc-min-heapsize=131072]
  ignore line: [Compiler executable checksum: 0e2951050747facf6d82973ebdf3e7ac]
  ignore line: [COLLECT_GCC_OPTIONS='-std=c++14' '-Wall' '-Wno-unknown-pragmas' '-Wno-array-bounds' '-Wno-unused-private-field' '-fPIC' '-fopenmp' '-v' '-o' 'CMakeFiles/cmTC_6daa5.dir/OpenMPTryFlag.cpp.o' '-c' '-mmacosx-version-min=10.11.6'  '-shared-libgcc' '-mtune=core2']
  ignore line: [ /opt/local/bin/as -v -arch x86_64 -force_cpusubtype_ALL -o CMakeFiles/cmTC_6daa5.dir/OpenMPTryFlag.cpp.o /var/folders/k6/fktr_x091qxgcyj3x5vlk8t00000gn/T//cc978VOk.s]
  ignore line: [Apple Inc version cctools-895, GNU assembler version 1.38]
  ignore line: [COMPILER_PATH=/opt/local/libexec/gcc/x86_64-apple-darwin15/6.4.0/:/opt/local/libexec/gcc/x86_64-apple-darwin15/6.4.0/:/opt/local/libexec/gcc/x86_64-apple-darwin15/:/opt/local/lib/gcc6/gcc/x86_64-apple-darwin15/6.4.0/:/opt/local/lib/gcc6/gcc/x86_64-apple-darwin15/]
  ignore line: [LIBRARY_PATH=/opt/local/lib/gcc6/gcc/x86_64-apple-darwin15/6.4.0/:/opt/local/lib/gcc6/gcc/x86_64-apple-darwin15/6.4.0/../../../]
  ignore line: [COLLECT_GCC_OPTIONS='-std=c++14' '-Wall' '-Wno-unknown-pragmas' '-Wno-array-bounds' '-Wno-unused-private-field' '-fPIC' '-fopenmp' '-v' '-o' 'CMakeFiles/cmTC_6daa5.dir/OpenMPTryFlag.cpp.o' '-c' '-mmacosx-version-min=10.11.6'  '-shared-libgcc' '-mtune=core2']
  ignore line: [Linking CXX executable cmTC_6daa5]
  ignore line: [/Applications/CLion.app/Contents/bin/cmake/bin/cmake -E cmake_link_script CMakeFiles/cmTC_6daa5.dir/link.txt --verbose=1]
  ignore line: [/opt/local/bin/g++   -std=c++14 -Wall -Wno-unknown-pragmas  -Wno-array-bounds -Wno-unused-private-field -fPIC -fopenmp -v -Wl,-v -Wl,-search_paths_first -Wl,-headerpad_max_install_names   CMakeFiles/cmTC_6daa5.dir/OpenMPTryFlag.cpp.o  -o cmTC_6daa5 ]
  ignore line: [Using built-in specs.]
  ignore line: [COLLECT_GCC=/opt/local/bin/g++]
  ignore line: [COLLECT_LTO_WRAPPER=/opt/local/libexec/gcc/x86_64-apple-darwin15/6.4.0/lto-wrapper]
  ignore line: [Target: x86_64-apple-darwin15]
  ignore line: [Configured with: /opt/local/var/macports/build/_opt_bblocal_var_buildworker_ports_build_ports_lang_gcc6/gcc6/work/gcc-6.4.0/configure --prefix=/opt/local --build=x86_64-apple-darwin15 --enable-languages=c,c++,objc,obj-c++,lto,fortran --libdir=/opt/local/lib/gcc6 --includedir=/opt/local/include/gcc6 --infodir=/opt/local/share/info --mandir=/opt/local/share/man --datarootdir=/opt/local/share/gcc-6 --with-local-prefix=/opt/local --with-system-zlib --disable-nls --program-suffix=-mp-6 --with-gxx-include-dir=/opt/local/include/gcc6/c++/ --with-gmp=/opt/local --with-mpfr=/opt/local --with-mpc=/opt/local --with-isl=/opt/local --enable-stage1-checking --disable-multilib --enable-lto --enable-libstdcxx-time --with-build-config=bootstrap-debug --with-as=/opt/local/bin/as --with-ld=/opt/local/bin/ld --with-ar=/opt/local/bin/ar --with-bugurl=https://trac.macports.org/newticket --disable-tls --with-pkgversion='MacPorts gcc6 6.4.0_0']
  ignore line: [Thread model: posix]
  ignore line: [gcc version 6.4.0 (MacPorts gcc6 6.4.0_0) ]
  ignore line: [COMPILER_PATH=/opt/local/libexec/gcc/x86_64-apple-darwin15/6.4.0/:/opt/local/libexec/gcc/x86_64-apple-darwin15/6.4.0/:/opt/local/libexec/gcc/x86_64-apple-darwin15/:/opt/local/lib/gcc6/gcc/x86_64-apple-darwin15/6.4.0/:/opt/local/lib/gcc6/gcc/x86_64-apple-darwin15/]
  ignore line: [LIBRARY_PATH=/opt/local/lib/gcc6/gcc/x86_64-apple-darwin15/6.4.0/:/opt/local/lib/gcc6/gcc/x86_64-apple-darwin15/6.4.0/../../../]
  ignore line: [COLLECT_GCC_OPTIONS='-std=c++14' '-Wall' '-Wno-unknown-pragmas' '-Wno-array-bounds' '-Wno-unused-private-field' '-fPIC' '-fopenmp' '-v' '-o' 'cmTC_6daa5' '-mmacosx-version-min=10.11.6' '-asm_macosx_version_min=10.11' '-shared-libgcc' '-mtune=core2']
  link line: [ /opt/local/libexec/gcc/x86_64-apple-darwin15/6.4.0/collect2 -dynamic -arch x86_64 -macosx_version_min 10.11.6 -weak_reference_mismatches non-weak -o cmTC_6daa5 -L/opt/local/lib/gcc6/gcc/x86_64-apple-darwin15/6.4.0 -L/opt/local/lib/gcc6/gcc/x86_64-apple-darwin15/6.4.0/../../.. -v -search_paths_first -headerpad_max_install_names CMakeFiles/cmTC_6daa5.dir/OpenMPTryFlag.cpp.o -lstdc++ -lgomp -no_compact_unwind -lSystem -lgcc_ext.10.5 -lgcc -lSystem -v]
    arg [/opt/local/libexec/gcc/x86_64-apple-darwin15/6.4.0/collect2] ==> ignore
    arg [-dynamic] ==> ignore
    arg [-arch] ==> ignore
    arg [x86_64] ==> ignore
    arg [-macosx_version_min] ==> ignore
    arg [10.11.6] ==> ignore
    arg [-weak_reference_mismatches] ==> ignore
    arg [non-weak] ==> ignore
    arg [-o] ==> ignore
    arg [cmTC_6daa5] ==> ignore
    arg [-L/opt/local/lib/gcc6/gcc/x86_64-apple-darwin15/6.4.0] ==> dir [/opt/local/lib/gcc6/gcc/x86_64-apple-darwin15/6.4.0]
    arg [-L/opt/local/lib/gcc6/gcc/x86_64-apple-darwin15/6.4.0/../../..] ==> dir [/opt/local/lib/gcc6/gcc/x86_64-apple-darwin15/6.4.0/../../..]
    arg [-v] ==> ignore
    arg [-search_paths_first] ==> ignore
    arg [-headerpad_max_install_names] ==> ignore
    arg [CMakeFiles/cmTC_6daa5.dir/OpenMPTryFlag.cpp.o] ==> ignore
    arg [-lstdc++] ==> lib [stdc++]
    arg [-lgomp] ==> lib [gomp]
    arg [-no_compact_unwind] ==> ignore
    arg [-lSystem] ==> lib [System]
    arg [-lgcc_ext.10.5] ==> lib [gcc_ext.10.5]
    arg [-lgcc] ==> lib [gcc]
    arg [-lSystem] ==> lib [System]
    arg [-v] ==> ignore
  Library search paths: [;/opt/local/lib/gcc6/gcc/x86_64-apple-darwin15/6.4.0;/opt/local/lib/gcc6;/usr/lib;/usr/local/lib]
  Framework search paths: [;/Library/Frameworks/;/System/Library/Frameworks/]
  remove lib [System]
  remove lib [System]
  collapse library dir [/opt/local/lib/gcc6/gcc/x86_64-apple-darwin15/6.4.0] ==> [/opt/local/lib/gcc6/gcc/x86_64-apple-darwin15/6.4.0]
  collapse library dir [/opt/local/lib/gcc6/gcc/x86_64-apple-darwin15/6.4.0/../../..] ==> [/opt/local/lib/gcc6]
  collapse library dir [/opt/local/lib/gcc6/gcc/x86_64-apple-darwin15/6.4.0] ==> [/opt/local/lib/gcc6/gcc/x86_64-apple-darwin15/6.4.0]
  collapse library dir [/opt/local/lib/gcc6] ==> [/opt/local/lib/gcc6]
  collapse library dir [/usr/lib] ==> [/usr/lib]
  collapse library dir [/usr/local/lib] ==> [/usr/local/lib]
  collapse framework dir [/Library/Frameworks/] ==> [/Library/Frameworks]
  collapse framework dir [/System/Library/Frameworks/] ==> [/System/Library/Frameworks]
  implicit libs: [stdc++;gomp;gcc_ext.10.5;gcc]
  implicit dirs: [/opt/local/lib/gcc6/gcc/x86_64-apple-darwin15/6.4.0;/opt/local/lib/gcc6;/usr/lib;/usr/local/lib]
  implicit fwks: [/Library/Frameworks;/System/Library/Frameworks]


